2026-03-13 15:46:05,598 - __main__ - INFO - ============================================================
2026-03-13 15:46:05,598 - __main__ - INFO - SYSTEM HEALTH CHECK
2026-03-13 15:46:05,598 - __main__ - INFO - ============================================================
2026-03-13 15:46:05,598 - src.self_learning_integration - INFO - Initializing Self-Learning System
2026-03-13 15:46:05,754 - src.depth_chart_features - INFO - Built depth charts for 185 team/position combinations
2026-03-13 15:46:05,754 - src.simulation_engine - INFO - Depth chart features initialized successfully
2026-03-13 15:46:05,873 - src.depth_chart_features - INFO - Built depth charts for 185 team/position combinations
2026-03-13 15:46:05,874 - src.simulation_engine - INFO - Depth chart features initialized successfully
2026-03-13 15:46:29,262 - __main__ - INFO - ============================================================
2026-03-13 15:46:29,262 - __main__ - INFO - SYSTEM HEALTH CHECK
2026-03-13 15:46:29,262 - __main__ - INFO - ============================================================
2026-03-13 15:46:29,262 - src.self_learning_integration - INFO - Initializing Self-Learning System
2026-03-13 15:46:29,391 - src.depth_chart_features - INFO - Built depth charts for 185 team/position combinations
2026-03-13 15:46:29,392 - src.simulation_engine - INFO - Depth chart features initialized successfully
2026-03-13 15:46:29,495 - src.depth_chart_features - INFO - Built depth charts for 185 team/position combinations
2026-03-13 15:46:29,495 - src.simulation_engine - INFO - Depth chart features initialized successfully
2026-03-13 15:46:29,621 - src.depth_chart_features - INFO - Built depth charts for 185 team/position combinations
2026-03-13 15:46:29,622 - src.simulation_engine - INFO - Depth chart features initialized successfully
2026-03-13 15:46:29,727 - src.depth_chart_features - INFO - Built depth charts for 185 team/position combinations
2026-03-13 15:46:29,728 - src.simulation_engine - INFO - Depth chart features initialized successfully
2026-03-13 15:46:29,728 - src.continuous_learning - INFO - Continuous Learning Orchestrator initialized
2026-03-13 15:46:29,728 - src.self_learning_integration - INFO - Self-Learning System initialized successfully
2026-03-13 15:46:29,728 - __main__ - ERROR - Error during health check: 'ContinuousLearningOrchestrator' object has no attribute 'current_phase'
Traceback (most recent call last):
  File "/Users/josephdelallera/Desktop/NBParlay/nba_model/monitor.py", line 232, in check_system_health
    learning_phase = system.orchestrator.current_phase if system.orchestrator else None
                     ^^^^^^^^^^^^^^^^^^^^^^^^^^^^^^^^^
AttributeError: 'ContinuousLearningOrchestrator' object has no attribute 'current_phase'
2026-03-13 15:46:29,729 - __main__ - INFO - Status: ERROR
2026-03-13 15:46:29,729 - __main__ - INFO -   system_running: warning
2026-03-13 15:46:29,729 - __main__ - INFO -     -> False
2026-03-13 15:46:29,729 - __main__ - INFO -     -> System is not currently running
2026-03-13 15:46:29,729 - __main__ - INFO -   predictions: warning
2026-03-13 15:46:29,729 - __main__ - INFO -   accuracy: warning
2026-03-13 15:46:29,729 - __main__ - INFO -   errors: ok
2026-03-13 15:46:29,729 - __main__ - INFO -     -> Error rates within acceptable ranges
2026-03-13 15:46:29,729 - __main__ - INFO -   recommendations: unknown
2026-03-13 15:46:29,729 - __main__ - INFO -   error: error
2026-03-13 15:46:29,729 - __main__ - INFO -     -> 'ContinuousLearningOrchestrator' object has no attribute 'current_phase'
2026-03-13 15:46:29,729 - __main__ - WARNING -   ⚠️  System is not running - learning is paused
2026-03-13 15:46:29,729 - __main__ - WARNING -   ⚠️  Starter accuracy (0.0%) below target (55.0%)
2026-03-13 15:46:29,729 - __main__ - INFO -   💡 Add more features related to depth chart and player status
2026-03-13 15:46:29,729 - __main__ - INFO - Check completed in 0.47s
2026-03-13 15:46:29,729 - __main__ - INFO - 
Suggested Fixes:
2026-03-13 15:46:29,729 - __main__ - INFO -   [HIGH] System is not running
2026-03-13 15:46:29,729 - __main__ - INFO -   -> python self_learning_launcher.py --mode hybrid --daemon
2026-03-13 15:46:29,729 - __main__ - INFO -   [MEDIUM] Starter accuracy low (0.0%)
2026-03-13 15:46:29,729 - __main__ - INFO -   -> python self_learning_launcher.py --backtest
2026-03-13 15:46:29,729 - __main__ - INFO -   [MEDIUM] Starter prediction accuracy: 0.00%
2026-03-13 15:46:43,402 - __main__ - INFO - ============================================================
2026-03-13 15:46:43,402 - __main__ - INFO - SYSTEM HEALTH CHECK
2026-03-13 15:46:43,402 - __main__ - INFO - ============================================================
2026-03-13 15:46:43,402 - src.self_learning_integration - INFO - Initializing Self-Learning System
2026-03-13 15:46:43,544 - src.depth_chart_features - INFO - Built depth charts for 185 team/position combinations
2026-03-13 15:46:43,545 - src.simulation_engine - INFO - Depth chart features initialized successfully
2026-03-13 15:46:43,681 - src.depth_chart_features - INFO - Built depth charts for 185 team/position combinations
2026-03-13 15:46:43,687 - src.simulation_engine - INFO - Depth chart features initialized successfully
2026-03-13 15:46:43,891 - src.depth_chart_features - INFO - Built depth charts for 185 team/position combinations
2026-03-13 15:46:43,892 - src.simulation_engine - INFO - Depth chart features initialized successfully
2026-03-13 15:46:44,001 - src.depth_chart_features - INFO - Built depth charts for 185 team/position combinations
2026-03-13 15:46:44,001 - src.simulation_engine - INFO - Depth chart features initialized successfully
2026-03-13 15:46:44,002 - src.continuous_learning - INFO - Continuous Learning Orchestrator initialized
2026-03-13 15:46:44,002 - src.self_learning_integration - INFO - Self-Learning System initialized successfully
2026-03-13 15:46:44,002 - __main__ - INFO - Status: CRITICAL
2026-03-13 15:46:44,002 - __main__ - INFO -   system_running: warning
2026-03-13 15:46:44,002 - __main__ - INFO -     -> False
2026-03-13 15:46:44,002 - __main__ - INFO -     -> System is not currently running
2026-03-13 15:46:44,002 - __main__ - INFO -   predictions: warning
2026-03-13 15:46:44,002 - __main__ - INFO -   accuracy: warning
2026-03-13 15:46:44,002 - __main__ - INFO -   errors: ok
2026-03-13 15:46:44,002 - __main__ - INFO -     -> Error rates within acceptable ranges
2026-03-13 15:46:44,002 - __main__ - INFO -   recommendations: unknown
2026-03-13 15:46:44,002 - __main__ - INFO -   learning_phase: unknown
2026-03-13 15:46:44,002 - __main__ - INFO -     -> Currently in historical_learning phase
2026-03-13 15:46:44,002 - __main__ - WARNING -   ⚠️  System is not running - learning is paused
2026-03-13 15:46:44,002 - __main__ - WARNING -   ⚠️  Starter accuracy (0.0%) below target (55.0%)
2026-03-13 15:46:44,002 - __main__ - INFO -   💡 Add more features related to depth chart and player status
2026-03-13 15:46:44,002 - __main__ - INFO - Check completed in 0.60s
2026-03-13 15:46:44,003 - __main__ - INFO - 
Suggested Fixes:
2026-03-13 15:46:44,003 - __main__ - INFO -   [CRITICAL] System health is critical
2026-03-13 15:46:44,003 - __main__ - INFO -   -> python self_learning_launcher.py --mode hybrid --daemon
2026-03-13 15:46:44,003 - __main__ - INFO -   [HIGH] System is not running
2026-03-13 15:46:44,003 - __main__ - INFO -   -> python self_learning_launcher.py --mode hybrid --daemon
2026-03-13 15:46:44,003 - __main__ - INFO -   [MEDIUM] Starter accuracy low (0.0%)
2026-03-13 15:46:44,003 - __main__ - INFO -   -> python self_learning_launcher.py --backtest
2026-03-13 15:46:44,003 - __main__ - INFO -   [MEDIUM] Starter prediction accuracy: 0.00%
2026-03-13 15:46:53,316 - __main__ - INFO - Starting continuous monitor...
2026-03-13 15:46:53,317 - __main__ - INFO - Check interval: 30 seconds
2026-03-13 15:46:53,317 - __main__ - INFO - Press Ctrl+C to stop
2026-03-13 15:46:53,317 - __main__ - INFO - 
--- Monitor Iteration 1 ---
2026-03-13 15:46:53,317 - __main__ - INFO - ============================================================
2026-03-13 15:46:53,317 - __main__ - INFO - SYSTEM HEALTH CHECK
2026-03-13 15:46:53,317 - __main__ - INFO - ============================================================
2026-03-13 15:46:53,317 - src.self_learning_integration - INFO - Initializing Self-Learning System
2026-03-13 15:46:53,463 - src.depth_chart_features - INFO - Built depth charts for 185 team/position combinations
2026-03-13 15:46:53,464 - src.simulation_engine - INFO - Depth chart features initialized successfully
2026-03-13 15:46:53,576 - src.depth_chart_features - INFO - Built depth charts for 185 team/position combinations
2026-03-13 15:46:53,577 - src.simulation_engine - INFO - Depth chart features initialized successfully
2026-03-13 15:46:53,718 - src.depth_chart_features - INFO - Built depth charts for 185 team/position combinations
2026-03-13 15:46:53,718 - src.simulation_engine - INFO - Depth chart features initialized successfully
2026-03-13 15:46:53,842 - src.depth_chart_features - INFO - Built depth charts for 185 team/position combinations
2026-03-13 15:46:53,843 - src.simulation_engine - INFO - Depth chart features initialized successfully
2026-03-13 15:46:53,843 - src.continuous_learning - INFO - Continuous Learning Orchestrator initialized
2026-03-13 15:46:53,843 - src.self_learning_integration - INFO - Self-Learning System initialized successfully
2026-03-13 15:46:53,843 - __main__ - INFO - Status: CRITICAL
2026-03-13 15:46:53,843 - __main__ - INFO -   system_running: warning
2026-03-13 15:46:53,843 - __main__ - INFO -     -> False
2026-03-13 15:46:53,843 - __main__ - INFO -     -> System is not currently running
2026-03-13 15:46:53,843 - __main__ - INFO -   predictions: warning
2026-03-13 15:46:53,843 - __main__ - INFO -   accuracy: warning
2026-03-13 15:46:53,843 - __main__ - INFO -   errors: ok
2026-03-13 15:46:53,843 - __main__ - INFO -     -> Error rates within acceptable ranges
2026-03-13 15:46:53,843 - __main__ - INFO -   recommendations: unknown
2026-03-13 15:46:53,843 - __main__ - INFO -   learning_phase: unknown
2026-03-13 15:46:53,843 - __main__ - INFO -     -> Currently in historical_learning phase
2026-03-13 15:46:53,843 - __main__ - WARNING -   ⚠️  System is not running - learning is paused
2026-03-13 15:46:53,843 - __main__ - WARNING -   ⚠️  Starter accuracy (0.0%) below target (55.0%)
2026-03-13 15:46:53,843 - __main__ - INFO -   💡 Add more features related to depth chart and player status
2026-03-13 15:46:53,843 - __main__ - INFO - Check completed in 0.53s
2026-03-13 15:46:53,844 - __main__ - INFO - 
Suggested Actions:
2026-03-13 15:46:53,844 - __main__ - INFO -   [CRITICAL] System health is critical
2026-03-13 15:46:53,844 - __main__ - INFO -   -> Recommend restarting learning system and checking configuration
2026-03-13 15:46:53,844 - __main__ - INFO -   -> Run: python self_learning_launcher.py --mode hybrid --daemon
2026-03-13 15:46:53,844 - __main__ - INFO -   [HIGH] System is not running
2026-03-13 15:46:53,844 - __main__ - INFO -   -> Start the continuous learning daemon
2026-03-13 15:46:53,844 - __main__ - INFO -   -> Run: python self_learning_launcher.py --mode hybrid --daemon
2026-03-13 15:46:53,844 - __main__ - INFO -   [MEDIUM] Starter accuracy low (0.0%)
2026-03-13 15:46:53,844 - __main__ - INFO -   -> Run backtest cycle to recalibrate starter prediction model
2026-03-13 15:46:53,844 - __main__ - INFO -   -> Run: python self_learning_launcher.py --backtest
2026-03-13 15:46:53,844 - __main__ - INFO -   [MEDIUM] Starter prediction accuracy: 0.00%
2026-03-13 15:46:53,844 - __main__ - INFO -   -> Add more features related to depth chart and player status
2026-03-13 15:46:53,845 - __main__ - INFO - 
Accuracy Trend (60min): stable
2026-03-13 15:46:53,845 - __main__ - INFO -   Current: 0.00%
2026-03-13 15:46:53,845 - __main__ - INFO - Next check in 30 seconds...
2026-03-13 15:47:23,851 - __main__ - INFO - 
--- Monitor Iteration 2 ---
2026-03-13 15:47:23,855 - __main__ - INFO - ============================================================
2026-03-13 15:47:23,855 - __main__ - INFO - SYSTEM HEALTH CHECK
2026-03-13 15:47:23,855 - __main__ - INFO - ============================================================
2026-03-13 15:47:23,857 - __main__ - INFO - Status: CRITICAL
2026-03-13 15:47:23,857 - __main__ - INFO -   system_running: warning
2026-03-13 15:47:23,857 - __main__ - INFO -     -> False
2026-03-13 15:47:23,857 - __main__ - INFO -     -> System is not currently running
2026-03-13 15:47:23,858 - __main__ - INFO -   predictions: warning
2026-03-13 15:47:23,858 - __main__ - INFO -   accuracy: warning
2026-03-13 15:47:23,858 - __main__ - INFO -   errors: ok
2026-03-13 15:47:23,858 - __main__ - INFO -     -> Error rates within acceptable ranges
2026-03-13 15:47:23,858 - __main__ - INFO -   recommendations: unknown
2026-03-13 15:47:23,858 - __main__ - INFO -   learning_phase: unknown
2026-03-13 15:47:23,858 - __main__ - INFO -     -> Currently in historical_learning phase
2026-03-13 15:47:23,858 - __main__ - WARNING -   ⚠️  System is not running - learning is paused
2026-03-13 15:47:23,858 - __main__ - WARNING -   ⚠️  Starter accuracy (0.0%) below target (55.0%)
2026-03-13 15:47:23,858 - __main__ - INFO -   💡 Add more features related to depth chart and player status
2026-03-13 15:47:23,858 - __main__ - INFO - Check completed in 0.00s
2026-03-13 15:47:23,860 - __main__ - INFO - 
Suggested Actions:
2026-03-13 15:47:23,860 - __main__ - INFO -   [CRITICAL] System health is critical
2026-03-13 15:47:23,860 - __main__ - INFO -   -> Recommend restarting learning system and checking configuration
2026-03-13 15:47:23,860 - __main__ - INFO -   -> Run: python self_learning_launcher.py --mode hybrid --daemon
2026-03-13 15:47:23,860 - __main__ - INFO -   [HIGH] System is not running
2026-03-13 15:47:23,860 - __main__ - INFO -   -> Start the continuous learning daemon
2026-03-13 15:47:23,860 - __main__ - INFO -   -> Run: python self_learning_launcher.py --mode hybrid --daemon
2026-03-13 15:47:23,860 - __main__ - INFO -   [MEDIUM] Starter accuracy low (0.0%)
2026-03-13 15:47:23,861 - __main__ - INFO -   -> Run backtest cycle to recalibrate starter prediction model
2026-03-13 15:47:23,861 - __main__ - INFO -   -> Run: python self_learning_launcher.py --backtest
2026-03-13 15:47:23,861 - __main__ - INFO -   [MEDIUM] Starter prediction accuracy: 0.00%
2026-03-13 15:47:23,861 - __main__ - INFO -   -> Add more features related to depth chart and player status
2026-03-13 15:47:23,861 - __main__ - INFO - 
Accuracy Trend (60min): stable
2026-03-13 15:47:23,861 - __main__ - INFO -   Current: 0.00%
2026-03-13 15:47:23,861 - __main__ - INFO - Next check in 30 seconds...
2026-03-13 15:47:53,867 - __main__ - INFO - 
--- Monitor Iteration 3 ---
2026-03-13 15:47:53,869 - __main__ - INFO - ============================================================
2026-03-13 15:47:53,869 - __main__ - INFO - SYSTEM HEALTH CHECK
2026-03-13 15:47:53,869 - __main__ - INFO - ============================================================
2026-03-13 15:47:53,869 - __main__ - INFO - Status: CRITICAL
2026-03-13 15:47:53,870 - __main__ - INFO -   system_running: warning
2026-03-13 15:47:53,870 - __main__ - INFO -     -> False
2026-03-13 15:47:53,870 - __main__ - INFO -     -> System is not currently running
2026-03-13 15:47:53,870 - __main__ - INFO -   predictions: warning
2026-03-13 15:47:53,870 - __main__ - INFO -   accuracy: warning
2026-03-13 15:47:53,870 - __main__ - INFO -   errors: ok
2026-03-13 15:47:53,870 - __main__ - INFO -     -> Error rates within acceptable ranges
2026-03-13 15:47:53,870 - __main__ - INFO -   recommendations: unknown
2026-03-13 15:47:53,870 - __main__ - INFO -   learning_phase: unknown
2026-03-13 15:47:53,870 - __main__ - INFO -     -> Currently in historical_learning phase
2026-03-13 15:47:53,870 - __main__ - WARNING -   ⚠️  System is not running - learning is paused
2026-03-13 15:47:53,870 - __main__ - WARNING -   ⚠️  Starter accuracy (0.0%) below target (55.0%)
2026-03-13 15:47:53,870 - __main__ - INFO -   💡 Add more features related to depth chart and player status
2026-03-13 15:47:53,870 - __main__ - INFO - Check completed in 0.00s
2026-03-13 15:47:53,871 - __main__ - INFO - 
Suggested Actions:
2026-03-13 15:47:53,871 - __main__ - INFO -   [CRITICAL] System health is critical
2026-03-13 15:47:53,871 - __main__ - INFO -   -> Recommend restarting learning system and checking configuration
2026-03-13 15:47:53,871 - __main__ - INFO -   -> Run: python self_learning_launcher.py --mode hybrid --daemon
2026-03-13 15:47:53,871 - __main__ - INFO -   [HIGH] System is not running
2026-03-13 15:47:53,871 - __main__ - INFO -   -> Start the continuous learning daemon
2026-03-13 15:47:53,871 - __main__ - INFO -   -> Run: python self_learning_launcher.py --mode hybrid --daemon
2026-03-13 15:47:53,871 - __main__ - INFO -   [MEDIUM] Starter accuracy low (0.0%)
2026-03-13 15:47:53,871 - __main__ - INFO -   -> Run backtest cycle to recalibrate starter prediction model
2026-03-13 15:47:53,871 - __main__ - INFO -   -> Run: python self_learning_launcher.py --backtest
2026-03-13 15:47:53,871 - __main__ - INFO -   [MEDIUM] Starter prediction accuracy: 0.00%
2026-03-13 15:47:53,871 - __main__ - INFO -   -> Add more features related to depth chart and player status
2026-03-13 15:47:53,872 - __main__ - INFO - 
Accuracy Trend (60min): stable
2026-03-13 15:47:53,872 - __main__ - INFO -   Current: 0.00%
2026-03-13 15:47:53,872 - __main__ - INFO - Next check in 30 seconds...
2026-03-13 15:48:23,878 - __main__ - INFO - 
--- Monitor Iteration 4 ---
2026-03-13 15:48:23,880 - __main__ - INFO - ============================================================
2026-03-13 15:48:23,881 - __main__ - INFO - SYSTEM HEALTH CHECK
2026-03-13 15:48:23,881 - __main__ - INFO - ============================================================
2026-03-13 15:48:23,882 - __main__ - INFO - Status: CRITICAL
2026-03-13 15:48:23,882 - __main__ - INFO -   system_running: warning
2026-03-13 15:48:23,882 - __main__ - INFO -     -> False
2026-03-13 15:48:23,882 - __main__ - INFO -     -> System is not currently running
2026-03-13 15:48:23,882 - __main__ - INFO -   predictions: warning
2026-03-13 15:48:23,882 - __main__ - INFO -   accuracy: warning
2026-03-13 15:48:23,882 - __main__ - INFO -   errors: ok
2026-03-13 15:48:23,882 - __main__ - INFO -     -> Error rates within acceptable ranges
2026-03-13 15:48:23,882 - __main__ - INFO -   recommendations: unknown
2026-03-13 15:48:23,882 - __main__ - INFO -   learning_phase: unknown
2026-03-13 15:48:23,882 - __main__ - INFO -     -> Currently in historical_learning phase
2026-03-13 15:48:23,882 - __main__ - WARNING -   ⚠️  System is not running - learning is paused
2026-03-13 15:48:23,882 - __main__ - WARNING -   ⚠️  Starter accuracy (0.0%) below target (55.0%)
2026-03-13 15:48:23,883 - __main__ - INFO -   💡 Add more features related to depth chart and player status
2026-03-13 15:48:23,883 - __main__ - INFO - Check completed in 0.00s
2026-03-13 15:48:23,884 - __main__ - INFO - 
Suggested Actions:
2026-03-13 15:48:23,884 - __main__ - INFO -   [CRITICAL] System health is critical
2026-03-13 15:48:23,884 - __main__ - INFO -   -> Recommend restarting learning system and checking configuration
2026-03-13 15:48:23,884 - __main__ - INFO -   -> Run: python self_learning_launcher.py --mode hybrid --daemon
2026-03-13 15:48:23,884 - __main__ - INFO -   [HIGH] System is not running
2026-03-13 15:48:23,884 - __main__ - INFO -   -> Start the continuous learning daemon
2026-03-13 15:48:23,885 - __main__ - INFO -   -> Run: python self_learning_launcher.py --mode hybrid --daemon
2026-03-13 15:48:23,885 - __main__ - INFO -   [MEDIUM] Starter accuracy low (0.0%)
2026-03-13 15:48:23,885 - __main__ - INFO -   -> Run backtest cycle to recalibrate starter prediction model
2026-03-13 15:48:23,885 - __main__ - INFO -   -> Run: python self_learning_launcher.py --backtest
2026-03-13 15:48:23,885 - __main__ - INFO -   [MEDIUM] Starter prediction accuracy: 0.00%
2026-03-13 15:48:23,885 - __main__ - INFO -   -> Add more features related to depth chart and player status
2026-03-13 15:48:23,886 - __main__ - INFO - 
Accuracy Trend (60min): stable
2026-03-13 15:48:23,886 - __main__ - INFO -   Current: 0.00%
2026-03-13 15:48:23,886 - __main__ - INFO - Next check in 30 seconds...
2026-03-13 15:48:53,892 - __main__ - INFO - 
--- Monitor Iteration 5 ---
2026-03-13 15:48:53,895 - __main__ - INFO - ============================================================
2026-03-13 15:48:53,895 - __main__ - INFO - SYSTEM HEALTH CHECK
2026-03-13 15:48:53,896 - __main__ - INFO - ============================================================
2026-03-13 15:48:53,896 - __main__ - INFO - Status: CRITICAL
2026-03-13 15:48:53,896 - __main__ - INFO -   system_running: warning
2026-03-13 15:48:53,896 - __main__ - INFO -     -> False
2026-03-13 15:48:53,896 - __main__ - INFO -     -> System is not currently running
2026-03-13 15:48:53,896 - __main__ - INFO -   predictions: warning
2026-03-13 15:48:53,897 - __main__ - INFO -   accuracy: warning
2026-03-13 15:48:53,897 - __main__ - INFO -   errors: ok
2026-03-13 15:48:53,897 - __main__ - INFO -     -> Error rates within acceptable ranges
2026-03-13 15:48:53,897 - __main__ - INFO -   recommendations: unknown
2026-03-13 15:48:53,897 - __main__ - INFO -   learning_phase: unknown
2026-03-13 15:48:53,897 - __main__ - INFO -     -> Currently in historical_learning phase
2026-03-13 15:48:53,897 - __main__ - WARNING -   ⚠️  System is not running - learning is paused
2026-03-13 15:48:53,897 - __main__ - WARNING -   ⚠️  Starter accuracy (0.0%) below target (55.0%)
2026-03-13 15:48:53,897 - __main__ - INFO -   💡 Add more features related to depth chart and player status
2026-03-13 15:48:53,897 - __main__ - INFO - Check completed in 0.00s
2026-03-13 15:48:53,899 - __main__ - INFO - 
Suggested Actions:
2026-03-13 15:48:53,899 - __main__ - INFO -   [CRITICAL] System health is critical
2026-03-13 15:48:53,899 - __main__ - INFO -   -> Recommend restarting learning system and checking configuration
2026-03-13 15:48:53,899 - __main__ - INFO -   -> Run: python self_learning_launcher.py --mode hybrid --daemon
2026-03-13 15:48:53,899 - __main__ - INFO -   [HIGH] System is not running
2026-03-13 15:48:53,899 - __main__ - INFO -   -> Start the continuous learning daemon
2026-03-13 15:48:53,899 - __main__ - INFO -   -> Run: python self_learning_launcher.py --mode hybrid --daemon
2026-03-13 15:48:53,899 - __main__ - INFO -   [MEDIUM] Starter accuracy low (0.0%)
2026-03-13 15:48:53,899 - __main__ - INFO -   -> Run backtest cycle to recalibrate starter prediction model
2026-03-13 15:48:53,899 - __main__ - INFO -   -> Run: python self_learning_launcher.py --backtest
2026-03-13 15:48:53,900 - __main__ - INFO -   [MEDIUM] Starter prediction accuracy: 0.00%
2026-03-13 15:48:53,900 - __main__ - INFO -   -> Add more features related to depth chart and player status
2026-03-13 15:48:53,900 - __main__ - INFO - 
Accuracy Trend (60min): stable
2026-03-13 15:48:53,901 - __main__ - INFO -   Current: 0.00%
2026-03-13 15:48:53,901 - __main__ - INFO - Next check in 30 seconds...
2026-03-13 15:49:23,907 - __main__ - INFO - 
--- Monitor Iteration 6 ---
2026-03-13 15:49:23,909 - __main__ - INFO - ============================================================
2026-03-13 15:49:23,909 - __main__ - INFO - SYSTEM HEALTH CHECK
2026-03-13 15:49:23,909 - __main__ - INFO - ============================================================
2026-03-13 15:49:23,910 - __main__ - INFO - Status: CRITICAL
2026-03-13 15:49:23,910 - __main__ - INFO -   system_running: warning
2026-03-13 15:49:23,910 - __main__ - INFO -     -> False
2026-03-13 15:49:23,910 - __main__ - INFO -     -> System is not currently running
2026-03-13 15:49:23,910 - __main__ - INFO -   predictions: warning
2026-03-13 15:49:23,910 - __main__ - INFO -   accuracy: warning
2026-03-13 15:49:23,910 - __main__ - INFO -   errors: ok
2026-03-13 15:49:23,910 - __main__ - INFO -     -> Error rates within acceptable ranges
2026-03-13 15:49:23,910 - __main__ - INFO -   recommendations: unknown
2026-03-13 15:49:23,910 - __main__ - INFO -   learning_phase: unknown
2026-03-13 15:49:23,910 - __main__ - INFO -     -> Currently in historical_learning phase
2026-03-13 15:49:23,910 - __main__ - WARNING -   ⚠️  System is not running - learning is paused
2026-03-13 15:49:23,910 - __main__ - WARNING -   ⚠️  Starter accuracy (0.0%) below target (55.0%)
2026-03-13 15:49:23,911 - __main__ - INFO -   💡 Add more features related to depth chart and player status
2026-03-13 15:49:23,911 - __main__ - INFO - Check completed in 0.00s
2026-03-13 15:49:23,912 - __main__ - INFO - 
Suggested Actions:
2026-03-13 15:49:23,912 - __main__ - INFO -   [CRITICAL] System health is critical
2026-03-13 15:49:23,912 - __main__ - INFO -   -> Recommend restarting learning system and checking configuration
2026-03-13 15:49:23,912 - __main__ - INFO -   -> Run: python self_learning_launcher.py --mode hybrid --daemon
2026-03-13 15:49:23,912 - __main__ - INFO -   [HIGH] System is not running
2026-03-13 15:49:23,912 - __main__ - INFO -   -> Start the continuous learning daemon
2026-03-13 15:49:23,912 - __main__ - INFO -   -> Run: python self_learning_launcher.py --mode hybrid --daemon
2026-03-13 15:49:23,912 - __main__ - INFO -   [MEDIUM] Starter accuracy low (0.0%)
2026-03-13 15:49:23,912 - __main__ - INFO -   -> Run backtest cycle to recalibrate starter prediction model
2026-03-13 15:49:23,912 - __main__ - INFO -   -> Run: python self_learning_launcher.py --backtest
2026-03-13 15:49:23,912 - __main__ - INFO -   [MEDIUM] Starter prediction accuracy: 0.00%
2026-03-13 15:49:23,912 - __main__ - INFO -   -> Add more features related to depth chart and player status
2026-03-13 15:49:23,913 - __main__ - INFO - 
Accuracy Trend (60min): stable
2026-03-13 15:49:23,913 - __main__ - INFO -   Current: 0.00%
2026-03-13 15:49:23,913 - __main__ - INFO - Next check in 30 seconds...
2026-03-13 15:49:53,918 - __main__ - INFO - 
--- Monitor Iteration 7 ---
2026-03-13 15:49:53,920 - __main__ - INFO - ============================================================
2026-03-13 15:49:53,920 - __main__ - INFO - SYSTEM HEALTH CHECK
2026-03-13 15:49:53,920 - __main__ - INFO - ============================================================
2026-03-13 15:49:53,921 - __main__ - INFO - Status: CRITICAL
2026-03-13 15:49:53,921 - __main__ - INFO -   system_running: warning
2026-03-13 15:49:53,921 - __main__ - INFO -     -> False
2026-03-13 15:49:53,921 - __main__ - INFO -     -> System is not currently running
2026-03-13 15:49:53,921 - __main__ - INFO -   predictions: warning
2026-03-13 15:49:53,921 - __main__ - INFO -   accuracy: warning
2026-03-13 15:49:53,921 - __main__ - INFO -   errors: ok
2026-03-13 15:49:53,921 - __main__ - INFO -     -> Error rates within acceptable ranges
2026-03-13 15:49:53,921 - __main__ - INFO -   recommendations: unknown
2026-03-13 15:49:53,921 - __main__ - INFO -   learning_phase: unknown
2026-03-13 15:49:53,921 - __main__ - INFO -     -> Currently in historical_learning phase
2026-03-13 15:49:53,921 - __main__ - WARNING -   ⚠️  System is not running - learning is paused
2026-03-13 15:49:53,921 - __main__ - WARNING -   ⚠️  Starter accuracy (0.0%) below target (55.0%)
2026-03-13 15:49:53,921 - __main__ - INFO -   💡 Add more features related to depth chart and player status
2026-03-13 15:49:53,921 - __main__ - INFO - Check completed in 0.00s
2026-03-13 15:49:53,922 - __main__ - INFO - 
Suggested Actions:
2026-03-13 15:49:53,922 - __main__ - INFO -   [CRITICAL] System health is critical
2026-03-13 15:49:53,922 - __main__ - INFO -   -> Recommend restarting learning system and checking configuration
2026-03-13 15:49:53,922 - __main__ - INFO -   -> Run: python self_learning_launcher.py --mode hybrid --daemon
2026-03-13 15:49:53,922 - __main__ - INFO -   [HIGH] System is not running
2026-03-13 15:49:53,922 - __main__ - INFO -   -> Start the continuous learning daemon
2026-03-13 15:49:53,922 - __main__ - INFO -   -> Run: python self_learning_launcher.py --mode hybrid --daemon
2026-03-13 15:49:53,922 - __main__ - INFO -   [MEDIUM] Starter accuracy low (0.0%)
2026-03-13 15:49:53,922 - __main__ - INFO -   -> Run backtest cycle to recalibrate starter prediction model
2026-03-13 15:49:53,922 - __main__ - INFO -   -> Run: python self_learning_launcher.py --backtest
2026-03-13 15:49:53,922 - __main__ - INFO -   [MEDIUM] Starter prediction accuracy: 0.00%
2026-03-13 15:49:53,922 - __main__ - INFO -   -> Add more features related to depth chart and player status
2026-03-13 15:49:53,923 - __main__ - INFO - 
Accuracy Trend (60min): stable
2026-03-13 15:49:53,923 - __main__ - INFO -   Current: 0.00%
2026-03-13 15:49:53,923 - __main__ - INFO - Next check in 30 seconds...
2026-03-13 15:50:23,929 - __main__ - INFO - 
--- Monitor Iteration 8 ---
2026-03-13 15:50:23,933 - __main__ - INFO - ============================================================
2026-03-13 15:50:23,933 - __main__ - INFO - SYSTEM HEALTH CHECK
2026-03-13 15:50:23,934 - __main__ - INFO - ============================================================
2026-03-13 15:50:23,934 - __main__ - INFO - Status: CRITICAL
2026-03-13 15:50:23,934 - __main__ - INFO -   system_running: warning
2026-03-13 15:50:23,935 - __main__ - INFO -     -> False
2026-03-13 15:50:23,935 - __main__ - INFO -     -> System is not currently running
2026-03-13 15:50:23,935 - __main__ - INFO -   predictions: warning
2026-03-13 15:50:23,935 - __main__ - INFO -   accuracy: warning
2026-03-13 15:50:23,935 - __main__ - INFO -   errors: ok
2026-03-13 15:50:23,935 - __main__ - INFO -     -> Error rates within acceptable ranges
2026-03-13 15:50:23,935 - __main__ - INFO -   recommendations: unknown
2026-03-13 15:50:23,935 - __main__ - INFO -   learning_phase: unknown
2026-03-13 15:50:23,935 - __main__ - INFO -     -> Currently in historical_learning phase
2026-03-13 15:50:23,935 - __main__ - WARNING -   ⚠️  System is not running - learning is paused
2026-03-13 15:50:23,935 - __main__ - WARNING -   ⚠️  Starter accuracy (0.0%) below target (55.0%)
2026-03-13 15:50:23,935 - __main__ - INFO -   💡 Add more features related to depth chart and player status
2026-03-13 15:50:23,936 - __main__ - INFO - Check completed in 0.00s
2026-03-13 15:50:23,937 - __main__ - INFO - 
Suggested Actions:
2026-03-13 15:50:23,937 - __main__ - INFO -   [CRITICAL] System health is critical
2026-03-13 15:50:23,937 - __main__ - INFO -   -> Recommend restarting learning system and checking configuration
2026-03-13 15:50:23,937 - __main__ - INFO -   -> Run: python self_learning_launcher.py --mode hybrid --daemon
2026-03-13 15:50:23,937 - __main__ - INFO -   [HIGH] System is not running
2026-03-13 15:50:23,937 - __main__ - INFO -   -> Start the continuous learning daemon
2026-03-13 15:50:23,937 - __main__ - INFO -   -> Run: python self_learning_launcher.py --mode hybrid --daemon
2026-03-13 15:50:23,937 - __main__ - INFO -   [MEDIUM] Starter accuracy low (0.0%)
2026-03-13 15:50:23,937 - __main__ - INFO -   -> Run backtest cycle to recalibrate starter prediction model
2026-03-13 15:50:23,937 - __main__ - INFO -   -> Run: python self_learning_launcher.py --backtest
2026-03-13 15:50:23,937 - __main__ - INFO -   [MEDIUM] Starter prediction accuracy: 0.00%
2026-03-13 15:50:23,937 - __main__ - INFO -   -> Add more features related to depth chart and player status
2026-03-13 15:50:23,938 - __main__ - INFO - 
Accuracy Trend (60min): stable
2026-03-13 15:50:23,938 - __main__ - INFO -   Current: 0.00%
2026-03-13 15:50:23,938 - __main__ - INFO - Next check in 30 seconds...
2026-03-13 15:50:53,944 - __main__ - INFO - 
--- Monitor Iteration 9 ---
2026-03-13 15:50:53,947 - __main__ - INFO - ============================================================
2026-03-13 15:50:53,947 - __main__ - INFO - SYSTEM HEALTH CHECK
2026-03-13 15:50:53,947 - __main__ - INFO - ============================================================
2026-03-13 15:50:53,947 - __main__ - INFO - Status: CRITICAL
2026-03-13 15:50:53,947 - __main__ - INFO -   system_running: warning
2026-03-13 15:50:53,948 - __main__ - INFO -     -> False
2026-03-13 15:50:53,948 - __main__ - INFO -     -> System is not currently running
2026-03-13 15:50:53,948 - __main__ - INFO -   predictions: warning
2026-03-13 15:50:53,948 - __main__ - INFO -   accuracy: warning
2026-03-13 15:50:53,948 - __main__ - INFO -   errors: ok
2026-03-13 15:50:53,948 - __main__ - INFO -     -> Error rates within acceptable ranges
2026-03-13 15:50:53,948 - __main__ - INFO -   recommendations: unknown
2026-03-13 15:50:53,948 - __main__ - INFO -   learning_phase: unknown
2026-03-13 15:50:53,948 - __main__ - INFO -     -> Currently in historical_learning phase
2026-03-13 15:50:53,948 - __main__ - WARNING -   ⚠️  System is not running - learning is paused
2026-03-13 15:50:53,948 - __main__ - WARNING -   ⚠️  Starter accuracy (0.0%) below target (55.0%)
2026-03-13 15:50:53,948 - __main__ - INFO -   💡 Add more features related to depth chart and player status
2026-03-13 15:50:53,948 - __main__ - INFO - Check completed in 0.00s
2026-03-13 15:50:53,949 - __main__ - INFO - 
Suggested Actions:
2026-03-13 15:50:53,949 - __main__ - INFO -   [CRITICAL] System health is critical
2026-03-13 15:50:53,949 - __main__ - INFO -   -> Recommend restarting learning system and checking configuration
2026-03-13 15:50:53,949 - __main__ - INFO -   -> Run: python self_learning_launcher.py --mode hybrid --daemon
2026-03-13 15:50:53,949 - __main__ - INFO -   [HIGH] System is not running
2026-03-13 15:50:53,949 - __main__ - INFO -   -> Start the continuous learning daemon
2026-03-13 15:50:53,949 - __main__ - INFO -   -> Run: python self_learning_launcher.py --mode hybrid --daemon
2026-03-13 15:50:53,949 - __main__ - INFO -   [MEDIUM] Starter accuracy low (0.0%)
2026-03-13 15:50:53,949 - __main__ - INFO -   -> Run backtest cycle to recalibrate starter prediction model
2026-03-13 15:50:53,949 - __main__ - INFO -   -> Run: python self_learning_launcher.py --backtest
2026-03-13 15:50:53,949 - __main__ - INFO -   [MEDIUM] Starter prediction accuracy: 0.00%
2026-03-13 15:50:53,949 - __main__ - INFO -   -> Add more features related to depth chart and player status
2026-03-13 15:50:53,950 - __main__ - INFO - 
Accuracy Trend (60min): stable
2026-03-13 15:50:53,950 - __main__ - INFO -   Current: 0.00%
2026-03-13 15:50:53,950 - __main__ - INFO - Next check in 30 seconds...
2026-03-13 15:51:23,957 - __main__ - INFO - 
--- Monitor Iteration 10 ---
2026-03-13 15:51:23,966 - __main__ - INFO - ============================================================
2026-03-13 15:51:23,966 - __main__ - INFO - SYSTEM HEALTH CHECK
2026-03-13 15:51:23,966 - __main__ - INFO - ============================================================
2026-03-13 15:51:23,968 - __main__ - INFO - Status: CRITICAL
2026-03-13 15:51:23,968 - __main__ - INFO -   system_running: warning
2026-03-13 15:51:23,968 - __main__ - INFO -     -> False
2026-03-13 15:51:23,968 - __main__ - INFO -     -> System is not currently running
2026-03-13 15:51:23,968 - __main__ - INFO -   predictions: warning
2026-03-13 15:51:23,968 - __main__ - INFO -   accuracy: warning
2026-03-13 15:51:23,968 - __main__ - INFO -   errors: ok
2026-03-13 15:51:23,968 - __main__ - INFO -     -> Error rates within acceptable ranges
2026-03-13 15:51:23,968 - __main__ - INFO -   recommendations: unknown
2026-03-13 15:51:23,968 - __main__ - INFO -   learning_phase: unknown
2026-03-13 15:51:23,968 - __main__ - INFO -     -> Currently in historical_learning phase
2026-03-13 15:51:23,968 - __main__ - WARNING -   ⚠️  System is not running - learning is paused
2026-03-13 15:51:23,968 - __main__ - WARNING -   ⚠️  Starter accuracy (0.0%) below target (55.0%)
2026-03-13 15:51:23,968 - __main__ - INFO -   💡 Add more features related to depth chart and player status
2026-03-13 15:51:23,969 - __main__ - INFO - Check completed in 0.00s
2026-03-13 15:51:23,970 - __main__ - INFO - 
Suggested Actions:
2026-03-13 15:51:23,970 - __main__ - INFO -   [CRITICAL] System health is critical
2026-03-13 15:51:23,970 - __main__ - INFO -   -> Recommend restarting learning system and checking configuration
2026-03-13 15:51:23,970 - __main__ - INFO -   -> Run: python self_learning_launcher.py --mode hybrid --daemon
2026-03-13 15:51:23,971 - __main__ - INFO -   [HIGH] System is not running
2026-03-13 15:51:23,971 - __main__ - INFO -   -> Start the continuous learning daemon
2026-03-13 15:51:23,971 - __main__ - INFO -   -> Run: python self_learning_launcher.py --mode hybrid --daemon
2026-03-13 15:51:23,971 - __main__ - INFO -   [MEDIUM] Starter accuracy low (0.0%)
2026-03-13 15:51:23,971 - __main__ - INFO -   -> Run backtest cycle to recalibrate starter prediction model
2026-03-13 15:51:23,971 - __main__ - INFO -   -> Run: python self_learning_launcher.py --backtest
2026-03-13 15:51:23,971 - __main__ - INFO -   [MEDIUM] Starter prediction accuracy: 0.00%
2026-03-13 15:51:23,971 - __main__ - INFO -   -> Add more features related to depth chart and player status
2026-03-13 15:51:23,972 - __main__ - INFO - 
Accuracy Trend (60min): stable
2026-03-13 15:51:23,972 - __main__ - INFO -   Current: 0.00%
2026-03-13 15:51:23,972 - __main__ - INFO - Next check in 30 seconds...
2026-03-13 15:51:53,977 - __main__ - INFO - 
--- Monitor Iteration 11 ---
2026-03-13 15:51:53,980 - __main__ - INFO - ============================================================
2026-03-13 15:51:53,980 - __main__ - INFO - SYSTEM HEALTH CHECK
2026-03-13 15:51:53,980 - __main__ - INFO - ============================================================
2026-03-13 15:51:53,981 - __main__ - INFO - Status: CRITICAL
2026-03-13 15:51:53,981 - __main__ - INFO -   system_running: warning
2026-03-13 15:51:53,981 - __main__ - INFO -     -> False
2026-03-13 15:51:53,981 - __main__ - INFO -     -> System is not currently running
2026-03-13 15:51:53,981 - __main__ - INFO -   predictions: warning
2026-03-13 15:51:53,981 - __main__ - INFO -   accuracy: warning
2026-03-13 15:51:53,981 - __main__ - INFO -   errors: ok
2026-03-13 15:51:53,981 - __main__ - INFO -     -> Error rates within acceptable ranges
2026-03-13 15:51:53,981 - __main__ - INFO -   recommendations: unknown
2026-03-13 15:51:53,981 - __main__ - INFO -   learning_phase: unknown
2026-03-13 15:51:53,981 - __main__ - INFO -     -> Currently in historical_learning phase
2026-03-13 15:51:53,982 - __main__ - WARNING -   ⚠️  System is not running - learning is paused
2026-03-13 15:51:53,982 - __main__ - WARNING -   ⚠️  Starter accuracy (0.0%) below target (55.0%)
2026-03-13 15:51:53,982 - __main__ - INFO -   💡 Add more features related to depth chart and player status
2026-03-13 15:51:53,982 - __main__ - INFO - Check completed in 0.00s
2026-03-13 15:51:53,983 - __main__ - INFO - 
Suggested Actions:
2026-03-13 15:51:53,983 - __main__ - INFO -   [CRITICAL] System health is critical
2026-03-13 15:51:53,983 - __main__ - INFO -   -> Recommend restarting learning system and checking configuration
2026-03-13 15:51:53,983 - __main__ - INFO -   -> Run: python self_learning_launcher.py --mode hybrid --daemon
2026-03-13 15:51:53,983 - __main__ - INFO -   [HIGH] System is not running
2026-03-13 15:51:53,983 - __main__ - INFO -   -> Start the continuous learning daemon
2026-03-13 15:51:53,983 - __main__ - INFO -   -> Run: python self_learning_launcher.py --mode hybrid --daemon
2026-03-13 15:51:53,983 - __main__ - INFO -   [MEDIUM] Starter accuracy low (0.0%)
2026-03-13 15:51:53,983 - __main__ - INFO -   -> Run backtest cycle to recalibrate starter prediction model
2026-03-13 15:51:53,984 - __main__ - INFO -   -> Run: python self_learning_launcher.py --backtest
2026-03-13 15:51:53,984 - __main__ - INFO -   [MEDIUM] Starter prediction accuracy: 0.00%
2026-03-13 15:51:53,984 - __main__ - INFO -   -> Add more features related to depth chart and player status
2026-03-13 15:51:53,984 - __main__ - INFO - 
Accuracy Trend (60min): stable
2026-03-13 15:51:53,984 - __main__ - INFO -   Current: 0.00%
2026-03-13 15:51:53,984 - __main__ - INFO - Next check in 30 seconds...
2026-03-13 15:52:23,986 - __main__ - INFO - 
--- Monitor Iteration 12 ---
2026-03-13 15:52:23,988 - __main__ - INFO - ============================================================
2026-03-13 15:52:23,988 - __main__ - INFO - SYSTEM HEALTH CHECK
2026-03-13 15:52:23,989 - __main__ - INFO - ============================================================
2026-03-13 15:52:23,989 - __main__ - INFO - Status: CRITICAL
2026-03-13 15:52:23,989 - __main__ - INFO -   system_running: warning
2026-03-13 15:52:23,989 - __main__ - INFO -     -> False
2026-03-13 15:52:23,989 - __main__ - INFO -     -> System is not currently running
2026-03-13 15:52:23,989 - __main__ - INFO -   predictions: warning
2026-03-13 15:52:23,989 - __main__ - INFO -   accuracy: warning
2026-03-13 15:52:23,990 - __main__ - INFO -   errors: ok
2026-03-13 15:52:23,990 - __main__ - INFO -     -> Error rates within acceptable ranges
2026-03-13 15:52:23,990 - __main__ - INFO -   recommendations: unknown
2026-03-13 15:52:23,990 - __main__ - INFO -   learning_phase: unknown
2026-03-13 15:52:23,990 - __main__ - INFO -     -> Currently in historical_learning phase
2026-03-13 15:52:23,990 - __main__ - WARNING -   ⚠️  System is not running - learning is paused
2026-03-13 15:52:23,990 - __main__ - WARNING -   ⚠️  Starter accuracy (0.0%) below target (55.0%)
2026-03-13 15:52:23,990 - __main__ - INFO -   💡 Add more features related to depth chart and player status
2026-03-13 15:52:23,991 - __main__ - INFO - Check completed in 0.00s
2026-03-13 15:52:23,992 - __main__ - INFO - 
Suggested Actions:
2026-03-13 15:52:23,992 - __main__ - INFO -   [CRITICAL] System health is critical
2026-03-13 15:52:23,992 - __main__ - INFO -   -> Recommend restarting learning system and checking configuration
2026-03-13 15:52:23,992 - __main__ - INFO -   -> Run: python self_learning_launcher.py --mode hybrid --daemon
2026-03-13 15:52:23,992 - __main__ - INFO -   [HIGH] System is not running
2026-03-13 15:52:23,992 - __main__ - INFO -   -> Start the continuous learning daemon
2026-03-13 15:52:23,992 - __main__ - INFO -   -> Run: python self_learning_launcher.py --mode hybrid --daemon
2026-03-13 15:52:23,992 - __main__ - INFO -   [MEDIUM] Starter accuracy low (0.0%)
2026-03-13 15:52:23,993 - __main__ - INFO -   -> Run backtest cycle to recalibrate starter prediction model
2026-03-13 15:52:23,993 - __main__ - INFO -   -> Run: python self_learning_launcher.py --backtest
2026-03-13 15:52:23,993 - __main__ - INFO -   [MEDIUM] Starter prediction accuracy: 0.00%
2026-03-13 15:52:23,993 - __main__ - INFO -   -> Add more features related to depth chart and player status
2026-03-13 15:52:23,993 - __main__ - INFO - 
Accuracy Trend (60min): stable
2026-03-13 15:52:23,993 - __main__ - INFO -   Current: 0.00%
2026-03-13 15:52:23,993 - __main__ - INFO - Next check in 30 seconds...
2026-03-13 15:52:52,244 - __main__ - INFO - Starting continuous monitor...
2026-03-13 15:52:52,245 - __main__ - INFO - Check interval: 60 seconds
2026-03-13 15:52:52,245 - __main__ - INFO - Press Ctrl+C to stop
2026-03-13 15:52:52,245 - __main__ - INFO - 
--- Monitor Iteration 1 ---
2026-03-13 15:52:52,245 - __main__ - INFO - ============================================================
2026-03-13 15:52:52,245 - __main__ - INFO - SYSTEM HEALTH CHECK
2026-03-13 15:52:52,245 - __main__ - INFO - ============================================================
2026-03-13 15:52:52,245 - src.self_learning_integration - INFO - Initializing Self-Learning System
2026-03-13 15:52:52,390 - src.depth_chart_features - INFO - Built depth charts for 185 team/position combinations
2026-03-13 15:52:52,390 - src.simulation_engine - INFO - Depth chart features initialized successfully
2026-03-13 15:52:52,501 - src.depth_chart_features - INFO - Built depth charts for 185 team/position combinations
2026-03-13 15:52:52,502 - src.simulation_engine - INFO - Depth chart features initialized successfully
2026-03-13 15:52:52,643 - src.depth_chart_features - INFO - Built depth charts for 185 team/position combinations
2026-03-13 15:52:52,644 - src.simulation_engine - INFO - Depth chart features initialized successfully
2026-03-13 15:52:52,759 - src.depth_chart_features - INFO - Built depth charts for 185 team/position combinations
2026-03-13 15:52:52,759 - src.simulation_engine - INFO - Depth chart features initialized successfully
2026-03-13 15:52:52,759 - src.continuous_learning - INFO - Continuous Learning Orchestrator initialized
2026-03-13 15:52:52,759 - src.self_learning_integration - INFO - Self-Learning System initialized successfully
2026-03-13 15:52:52,759 - __main__ - INFO - Status: CRITICAL
2026-03-13 15:52:52,759 - __main__ - INFO -   system_running: warning
2026-03-13 15:52:52,759 - __main__ - INFO -     -> False
2026-03-13 15:52:52,760 - __main__ - INFO -     -> System is not currently running
2026-03-13 15:52:52,760 - __main__ - INFO -   predictions: warning
2026-03-13 15:52:52,760 - __main__ - INFO -   accuracy: warning
2026-03-13 15:52:52,760 - __main__ - INFO -   errors: ok
2026-03-13 15:52:52,760 - __main__ - INFO -     -> Error rates within acceptable ranges
2026-03-13 15:52:52,760 - __main__ - INFO -   recommendations: unknown
2026-03-13 15:52:52,760 - __main__ - INFO -   learning_phase: unknown
2026-03-13 15:52:52,760 - __main__ - INFO -     -> Currently in historical_learning phase
2026-03-13 15:52:52,760 - __main__ - WARNING -   ⚠️  System is not running - learning is paused
2026-03-13 15:52:52,760 - __main__ - WARNING -   ⚠️  Starter accuracy (0.0%) below target (55.0%)
2026-03-13 15:52:52,760 - __main__ - INFO -   💡 Add more features related to depth chart and player status
2026-03-13 15:52:52,760 - __main__ - INFO - Check completed in 0.51s
2026-03-13 15:52:52,762 - __main__ - INFO - 
Suggested Actions:
2026-03-13 15:52:52,762 - __main__ - INFO -   [CRITICAL] System health is critical
2026-03-13 15:52:52,762 - __main__ - INFO -   -> Recommend restarting learning system and checking configuration
2026-03-13 15:52:52,763 - __main__ - INFO -   -> Run: python self_learning_launcher.py --mode hybrid --daemon
2026-03-13 15:52:52,763 - __main__ - INFO -   [HIGH] System is not running
2026-03-13 15:52:52,763 - __main__ - INFO -   -> Start the continuous learning daemon
2026-03-13 15:52:52,763 - __main__ - INFO -   -> Run: python self_learning_launcher.py --mode hybrid --daemon
2026-03-13 15:52:52,763 - __main__ - INFO -   [MEDIUM] Starter accuracy low (0.0%)
2026-03-13 15:52:52,763 - __main__ - INFO -   -> Run backtest cycle to recalibrate starter prediction model
2026-03-13 15:52:52,763 - __main__ - INFO -   -> Run: python self_learning_launcher.py --backtest
2026-03-13 15:52:52,763 - __main__ - INFO -   [MEDIUM] Starter prediction accuracy: 0.00%
2026-03-13 15:52:52,763 - __main__ - INFO -   -> Add more features related to depth chart and player status
2026-03-13 15:52:52,763 - __main__ - INFO - 
Accuracy Trend (60min): stable
2026-03-13 15:52:52,763 - __main__ - INFO -   Current: 0.00%
2026-03-13 15:52:52,763 - __main__ - INFO - Next check in 60 seconds...
2026-03-13 15:52:53,996 - __main__ - INFO - 
--- Monitor Iteration 13 ---
2026-03-13 15:52:53,996 - __main__ - INFO - ============================================================
2026-03-13 15:52:53,996 - __main__ - INFO - SYSTEM HEALTH CHECK
2026-03-13 15:52:53,996 - __main__ - INFO - ============================================================
2026-03-13 15:52:53,996 - __main__ - INFO - Status: CRITICAL
2026-03-13 15:52:53,996 - __main__ - INFO -   system_running: warning
2026-03-13 15:52:53,997 - __main__ - INFO -     -> False
2026-03-13 15:52:53,997 - __main__ - INFO -     -> System is not currently running
2026-03-13 15:52:53,997 - __main__ - INFO -   predictions: warning
2026-03-13 15:52:53,997 - __main__ - INFO -   accuracy: warning
2026-03-13 15:52:53,997 - __main__ - INFO -   errors: ok
2026-03-13 15:52:53,997 - __main__ - INFO -     -> Error rates within acceptable ranges
2026-03-13 15:52:53,997 - __main__ - INFO -   recommendations: unknown
2026-03-13 15:52:53,997 - __main__ - INFO -   learning_phase: unknown
2026-03-13 15:52:53,997 - __main__ - INFO -     -> Currently in historical_learning phase
2026-03-13 15:52:53,997 - __main__ - WARNING -   ⚠️  System is not running - learning is paused
2026-03-13 15:52:53,997 - __main__ - WARNING -   ⚠️  Starter accuracy (0.0%) below target (55.0%)
2026-03-13 15:52:53,997 - __main__ - INFO -   💡 Add more features related to depth chart and player status
2026-03-13 15:52:53,997 - __main__ - INFO - Check completed in 0.00s
2026-03-13 15:52:53,997 - __main__ - INFO - 
Suggested Actions:
2026-03-13 15:52:53,997 - __main__ - INFO -   [CRITICAL] System health is critical
2026-03-13 15:52:53,997 - __main__ - INFO -   -> Recommend restarting learning system and checking configuration
2026-03-13 15:52:53,997 - __main__ - INFO -   -> Run: python self_learning_launcher.py --mode hybrid --daemon
2026-03-13 15:52:53,997 - __main__ - INFO -   [HIGH] System is not running
2026-03-13 15:52:53,997 - __main__ - INFO -   -> Start the continuous learning daemon
2026-03-13 15:52:53,997 - __main__ - INFO -   -> Run: python self_learning_launcher.py --mode hybrid --daemon
2026-03-13 15:52:53,997 - __main__ - INFO -   [MEDIUM] Starter accuracy low (0.0%)
2026-03-13 15:52:53,997 - __main__ - INFO -   -> Run backtest cycle to recalibrate starter prediction model
2026-03-13 15:52:53,997 - __main__ - INFO -   -> Run: python self_learning_launcher.py --backtest
2026-03-13 15:52:53,997 - __main__ - INFO -   [MEDIUM] Starter prediction accuracy: 0.00%
2026-03-13 15:52:53,997 - __main__ - INFO -   -> Add more features related to depth chart and player status
2026-03-13 15:52:53,998 - __main__ - INFO - 
Accuracy Trend (60min): stable
2026-03-13 15:52:53,998 - __main__ - INFO -   Current: 0.00%
2026-03-13 15:52:53,998 - __main__ - INFO - Next check in 30 seconds...
2026-03-13 15:53:24,004 - __main__ - INFO - 
--- Monitor Iteration 14 ---
2026-03-13 15:53:24,006 - __main__ - INFO - ============================================================
2026-03-13 15:53:24,006 - __main__ - INFO - SYSTEM HEALTH CHECK
2026-03-13 15:53:24,006 - __main__ - INFO - ============================================================
2026-03-13 15:53:24,006 - __main__ - INFO - Status: CRITICAL
2026-03-13 15:53:24,006 - __main__ - INFO -   system_running: warning
2026-03-13 15:53:24,007 - __main__ - INFO -     -> False
2026-03-13 15:53:24,007 - __main__ - INFO -     -> System is not currently running
2026-03-13 15:53:24,007 - __main__ - INFO -   predictions: warning
2026-03-13 15:53:24,007 - __main__ - INFO -   accuracy: warning
2026-03-13 15:53:24,007 - __main__ - INFO -   errors: ok
2026-03-13 15:53:24,007 - __main__ - INFO -     -> Error rates within acceptable ranges
2026-03-13 15:53:24,007 - __main__ - INFO -   recommendations: unknown
2026-03-13 15:53:24,007 - __main__ - INFO -   learning_phase: unknown
2026-03-13 15:53:24,007 - __main__ - INFO -     -> Currently in historical_learning phase
2026-03-13 15:53:24,007 - __main__ - WARNING -   ⚠️  System is not running - learning is paused
2026-03-13 15:53:24,007 - __main__ - WARNING -   ⚠️  Starter accuracy (0.0%) below target (55.0%)
2026-03-13 15:53:24,008 - __main__ - INFO -   💡 Add more features related to depth chart and player status
2026-03-13 15:53:24,008 - __main__ - INFO - Check completed in 0.00s
2026-03-13 15:53:24,010 - __main__ - INFO - 
Suggested Actions:
2026-03-13 15:53:24,010 - __main__ - INFO -   [CRITICAL] System health is critical
2026-03-13 15:53:24,010 - __main__ - INFO -   -> Recommend restarting learning system and checking configuration
2026-03-13 15:53:24,010 - __main__ - INFO -   -> Run: python self_learning_launcher.py --mode hybrid --daemon
2026-03-13 15:53:24,010 - __main__ - INFO -   [HIGH] System is not running
2026-03-13 15:53:24,010 - __main__ - INFO -   -> Start the continuous learning daemon
2026-03-13 15:53:24,010 - __main__ - INFO -   -> Run: python self_learning_launcher.py --mode hybrid --daemon
2026-03-13 15:53:24,010 - __main__ - INFO -   [MEDIUM] Starter accuracy low (0.0%)
2026-03-13 15:53:24,010 - __main__ - INFO -   -> Run backtest cycle to recalibrate starter prediction model
2026-03-13 15:53:24,010 - __main__ - INFO -   -> Run: python self_learning_launcher.py --backtest
2026-03-13 15:53:24,010 - __main__ - INFO -   [MEDIUM] Starter prediction accuracy: 0.00%
2026-03-13 15:53:24,010 - __main__ - INFO -   -> Add more features related to depth chart and player status
2026-03-13 15:53:24,012 - __main__ - INFO - 
Accuracy Trend (60min): stable
2026-03-13 15:53:24,012 - __main__ - INFO -   Current: 0.00%
2026-03-13 15:53:24,012 - __main__ - INFO - Next check in 30 seconds...
2026-03-13 15:53:52,770 - __main__ - INFO - 
--- Monitor Iteration 2 ---
2026-03-13 15:53:52,772 - __main__ - INFO - ============================================================
2026-03-13 15:53:52,772 - __main__ - INFO - SYSTEM HEALTH CHECK
2026-03-13 15:53:52,772 - __main__ - INFO - ============================================================
2026-03-13 15:53:52,772 - __main__ - INFO - Status: CRITICAL
2026-03-13 15:53:52,772 - __main__ - INFO -   system_running: warning
2026-03-13 15:53:52,772 - __main__ - INFO -     -> False
2026-03-13 15:53:52,773 - __main__ - INFO -     -> System is not currently running
2026-03-13 15:53:52,773 - __main__ - INFO -   predictions: warning
2026-03-13 15:53:52,773 - __main__ - INFO -   accuracy: warning
2026-03-13 15:53:52,773 - __main__ - INFO -   errors: ok
2026-03-13 15:53:52,773 - __main__ - INFO -     -> Error rates within acceptable ranges
2026-03-13 15:53:52,773 - __main__ - INFO -   recommendations: unknown
2026-03-13 15:53:52,773 - __main__ - INFO -   learning_phase: unknown
2026-03-13 15:53:52,773 - __main__ - INFO -     -> Currently in historical_learning phase
2026-03-13 15:53:52,773 - __main__ - WARNING -   ⚠️  System is not running - learning is paused
2026-03-13 15:53:52,773 - __main__ - WARNING -   ⚠️  Starter accuracy (0.0%) below target (55.0%)
2026-03-13 15:53:52,773 - __main__ - INFO -   💡 Add more features related to depth chart and player status
2026-03-13 15:53:52,773 - __main__ - INFO - Check completed in 0.00s
2026-03-13 15:53:52,774 - __main__ - INFO - 
Suggested Actions:
2026-03-13 15:53:52,774 - __main__ - INFO -   [CRITICAL] System health is critical
2026-03-13 15:53:52,774 - __main__ - INFO -   -> Recommend restarting learning system and checking configuration
2026-03-13 15:53:52,774 - __main__ - INFO -   -> Run: python self_learning_launcher.py --mode hybrid --daemon
2026-03-13 15:53:52,774 - __main__ - INFO -   [HIGH] System is not running
2026-03-13 15:53:52,774 - __main__ - INFO -   -> Start the continuous learning daemon
2026-03-13 15:53:52,775 - __main__ - INFO -   -> Run: python self_learning_launcher.py --mode hybrid --daemon
2026-03-13 15:53:52,775 - __main__ - INFO -   [MEDIUM] Starter accuracy low (0.0%)
2026-03-13 15:53:52,775 - __main__ - INFO -   -> Run backtest cycle to recalibrate starter prediction model
2026-03-13 15:53:52,775 - __main__ - INFO -   -> Run: python self_learning_launcher.py --backtest
2026-03-13 15:53:52,775 - __main__ - INFO -   [MEDIUM] Starter prediction accuracy: 0.00%
2026-03-13 15:53:52,775 - __main__ - INFO -   -> Add more features related to depth chart and player status
2026-03-13 15:53:52,776 - __main__ - INFO - 
Accuracy Trend (60min): stable
2026-03-13 15:53:52,776 - __main__ - INFO -   Current: 0.00%
2026-03-13 15:53:52,776 - __main__ - INFO - Next check in 60 seconds...
2026-03-13 15:53:54,016 - __main__ - INFO - 
--- Monitor Iteration 15 ---
2026-03-13 15:53:54,018 - __main__ - INFO - ============================================================
2026-03-13 15:53:54,018 - __main__ - INFO - SYSTEM HEALTH CHECK
2026-03-13 15:53:54,018 - __main__ - INFO - ============================================================
2026-03-13 15:53:54,019 - __main__ - INFO - Status: CRITICAL
2026-03-13 15:53:54,019 - __main__ - INFO -   system_running: warning
2026-03-13 15:53:54,019 - __main__ - INFO -     -> False
2026-03-13 15:53:54,019 - __main__ - INFO -     -> System is not currently running
2026-03-13 15:53:54,019 - __main__ - INFO -   predictions: warning
2026-03-13 15:53:54,019 - __main__ - INFO -   accuracy: warning
2026-03-13 15:53:54,020 - __main__ - INFO -   errors: ok
2026-03-13 15:53:54,020 - __main__ - INFO -     -> Error rates within acceptable ranges
2026-03-13 15:53:54,020 - __main__ - INFO -   recommendations: unknown
2026-03-13 15:53:54,020 - __main__ - INFO -   learning_phase: unknown
2026-03-13 15:53:54,020 - __main__ - INFO -     -> Currently in historical_learning phase
2026-03-13 15:53:54,020 - __main__ - WARNING -   ⚠️  System is not running - learning is paused
2026-03-13 15:53:54,020 - __main__ - WARNING -   ⚠️  Starter accuracy (0.0%) below target (55.0%)
2026-03-13 15:53:54,020 - __main__ - INFO -   💡 Add more features related to depth chart and player status
2026-03-13 15:53:54,020 - __main__ - INFO - Check completed in 0.00s
2026-03-13 15:53:54,022 - __main__ - INFO - 
Suggested Actions:
2026-03-13 15:53:54,022 - __main__ - INFO -   [CRITICAL] System health is critical
2026-03-13 15:53:54,022 - __main__ - INFO -   -> Recommend restarting learning system and checking configuration
2026-03-13 15:53:54,022 - __main__ - INFO -   -> Run: python self_learning_launcher.py --mode hybrid --daemon
2026-03-13 15:53:54,022 - __main__ - INFO -   [HIGH] System is not running
2026-03-13 15:53:54,022 - __main__ - INFO -   -> Start the continuous learning daemon
2026-03-13 15:53:54,022 - __main__ - INFO -   -> Run: python self_learning_launcher.py --mode hybrid --daemon
2026-03-13 15:53:54,022 - __main__ - INFO -   [MEDIUM] Starter accuracy low (0.0%)
2026-03-13 15:53:54,022 - __main__ - INFO -   -> Run backtest cycle to recalibrate starter prediction model
2026-03-13 15:53:54,022 - __main__ - INFO -   -> Run: python self_learning_launcher.py --backtest
2026-03-13 15:53:54,022 - __main__ - INFO -   [MEDIUM] Starter prediction accuracy: 0.00%
2026-03-13 15:53:54,022 - __main__ - INFO -   -> Add more features related to depth chart and player status
2026-03-13 15:53:54,023 - __main__ - INFO - 
Accuracy Trend (60min): stable
2026-03-13 15:53:54,023 - __main__ - INFO -   Current: 0.00%
2026-03-13 15:53:54,024 - __main__ - INFO - Next check in 30 seconds...
2026-03-13 15:54:24,029 - __main__ - INFO - 
--- Monitor Iteration 16 ---
2026-03-13 15:54:24,031 - __main__ - INFO - ============================================================
2026-03-13 15:54:24,031 - __main__ - INFO - SYSTEM HEALTH CHECK
2026-03-13 15:54:24,031 - __main__ - INFO - ============================================================
2026-03-13 15:54:24,032 - __main__ - INFO - Status: CRITICAL
2026-03-13 15:54:24,032 - __main__ - INFO -   system_running: warning
2026-03-13 15:54:24,032 - __main__ - INFO -     -> False
2026-03-13 15:54:24,032 - __main__ - INFO -     -> System is not currently running
2026-03-13 15:54:24,032 - __main__ - INFO -   predictions: warning
2026-03-13 15:54:24,032 - __main__ - INFO -   accuracy: warning
2026-03-13 15:54:24,032 - __main__ - INFO -   errors: ok
2026-03-13 15:54:24,032 - __main__ - INFO -     -> Error rates within acceptable ranges
2026-03-13 15:54:24,032 - __main__ - INFO -   recommendations: unknown
2026-03-13 15:54:24,032 - __main__ - INFO -   learning_phase: unknown
2026-03-13 15:54:24,032 - __main__ - INFO -     -> Currently in historical_learning phase
2026-03-13 15:54:24,032 - __main__ - WARNING -   ⚠️  System is not running - learning is paused
2026-03-13 15:54:24,032 - __main__ - WARNING -   ⚠️  Starter accuracy (0.0%) below target (55.0%)
2026-03-13 15:54:24,033 - __main__ - INFO -   💡 Add more features related to depth chart and player status
2026-03-13 15:54:24,033 - __main__ - INFO - Check completed in 0.00s
2026-03-13 15:54:24,034 - __main__ - INFO - 
Suggested Actions:
2026-03-13 15:54:24,034 - __main__ - INFO -   [CRITICAL] System health is critical
2026-03-13 15:54:24,034 - __main__ - INFO -   -> Recommend restarting learning system and checking configuration
2026-03-13 15:54:24,034 - __main__ - INFO -   -> Run: python self_learning_launcher.py --mode hybrid --daemon
2026-03-13 15:54:24,034 - __main__ - INFO -   [HIGH] System is not running
2026-03-13 15:54:24,034 - __main__ - INFO -   -> Start the continuous learning daemon
2026-03-13 15:54:24,034 - __main__ - INFO -   -> Run: python self_learning_launcher.py --mode hybrid --daemon
2026-03-13 15:54:24,034 - __main__ - INFO -   [MEDIUM] Starter accuracy low (0.0%)
2026-03-13 15:54:24,034 - __main__ - INFO -   -> Run backtest cycle to recalibrate starter prediction model
2026-03-13 15:54:24,034 - __main__ - INFO -   -> Run: python self_learning_launcher.py --backtest
2026-03-13 15:54:24,034 - __main__ - INFO -   [MEDIUM] Starter prediction accuracy: 0.00%
2026-03-13 15:54:24,034 - __main__ - INFO -   -> Add more features related to depth chart and player status
2026-03-13 15:54:24,035 - __main__ - INFO - 
Accuracy Trend (60min): stable
2026-03-13 15:54:24,035 - __main__ - INFO -   Current: 0.00%
2026-03-13 15:54:24,035 - __main__ - INFO - Next check in 30 seconds...
2026-03-13 15:54:52,782 - __main__ - INFO - 
--- Monitor Iteration 3 ---
2026-03-13 15:54:52,784 - __main__ - INFO - ============================================================
2026-03-13 15:54:52,784 - __main__ - INFO - SYSTEM HEALTH CHECK
2026-03-13 15:54:52,784 - __main__ - INFO - ============================================================
2026-03-13 15:54:52,784 - __main__ - INFO - Status: CRITICAL
2026-03-13 15:54:52,784 - __main__ - INFO -   system_running: warning
2026-03-13 15:54:52,784 - __main__ - INFO -     -> False
2026-03-13 15:54:52,784 - __main__ - INFO -     -> System is not currently running
2026-03-13 15:54:52,784 - __main__ - INFO -   predictions: warning
2026-03-13 15:54:52,784 - __main__ - INFO -   accuracy: warning
2026-03-13 15:54:52,784 - __main__ - INFO -   errors: ok
2026-03-13 15:54:52,784 - __main__ - INFO -     -> Error rates within acceptable ranges
2026-03-13 15:54:52,784 - __main__ - INFO -   recommendations: unknown
2026-03-13 15:54:52,784 - __main__ - INFO -   learning_phase: unknown
2026-03-13 15:54:52,784 - __main__ - INFO -     -> Currently in historical_learning phase
2026-03-13 15:54:52,784 - __main__ - WARNING -   ⚠️  System is not running - learning is paused
2026-03-13 15:54:52,784 - __main__ - WARNING -   ⚠️  Starter accuracy (0.0%) below target (55.0%)
2026-03-13 15:54:52,784 - __main__ - INFO -   💡 Add more features related to depth chart and player status
2026-03-13 15:54:52,784 - __main__ - INFO - Check completed in 0.00s
2026-03-13 15:54:52,785 - __main__ - INFO - 
Suggested Actions:
2026-03-13 15:54:52,785 - __main__ - INFO -   [CRITICAL] System health is critical
2026-03-13 15:54:52,785 - __main__ - INFO -   -> Recommend restarting learning system and checking configuration
2026-03-13 15:54:52,785 - __main__ - INFO -   -> Run: python self_learning_launcher.py --mode hybrid --daemon
2026-03-13 15:54:52,785 - __main__ - INFO -   [HIGH] System is not running
2026-03-13 15:54:52,785 - __main__ - INFO -   -> Start the continuous learning daemon
2026-03-13 15:54:52,785 - __main__ - INFO -   -> Run: python self_learning_launcher.py --mode hybrid --daemon
2026-03-13 15:54:52,785 - __main__ - INFO -   [MEDIUM] Starter accuracy low (0.0%)
2026-03-13 15:54:52,785 - __main__ - INFO -   -> Run backtest cycle to recalibrate starter prediction model
2026-03-13 15:54:52,785 - __main__ - INFO -   -> Run: python self_learning_launcher.py --backtest
2026-03-13 15:54:52,785 - __main__ - INFO -   [MEDIUM] Starter prediction accuracy: 0.00%
2026-03-13 15:54:52,785 - __main__ - INFO -   -> Add more features related to depth chart and player status
2026-03-13 15:54:52,785 - __main__ - INFO - 
Accuracy Trend (60min): stable
2026-03-13 15:54:52,785 - __main__ - INFO -   Current: 0.00%
2026-03-13 15:54:52,785 - __main__ - INFO - Next check in 60 seconds...
2026-03-13 15:54:54,040 - __main__ - INFO - 
--- Monitor Iteration 17 ---
2026-03-13 15:54:54,041 - __main__ - INFO - ============================================================
2026-03-13 15:54:54,041 - __main__ - INFO - SYSTEM HEALTH CHECK
2026-03-13 15:54:54,041 - __main__ - INFO - ============================================================
2026-03-13 15:54:54,044 - __main__ - INFO - Status: CRITICAL
2026-03-13 15:54:54,044 - __main__ - INFO -   system_running: warning
2026-03-13 15:54:54,044 - __main__ - INFO -     -> False
2026-03-13 15:54:54,044 - __main__ - INFO -     -> System is not currently running
2026-03-13 15:54:54,044 - __main__ - INFO -   predictions: warning
2026-03-13 15:54:54,044 - __main__ - INFO -   accuracy: warning
2026-03-13 15:54:54,044 - __main__ - INFO -   errors: ok
2026-03-13 15:54:54,044 - __main__ - INFO -     -> Error rates within acceptable ranges
2026-03-13 15:54:54,044 - __main__ - INFO -   recommendations: unknown
2026-03-13 15:54:54,044 - __main__ - INFO -   learning_phase: unknown
2026-03-13 15:54:54,044 - __main__ - INFO -     -> Currently in historical_learning phase
2026-03-13 15:54:54,044 - __main__ - WARNING -   ⚠️  System is not running - learning is paused
2026-03-13 15:54:54,044 - __main__ - WARNING -   ⚠️  Starter accuracy (0.0%) below target (55.0%)
2026-03-13 15:54:54,044 - __main__ - INFO -   💡 Add more features related to depth chart and player status
2026-03-13 15:54:54,044 - __main__ - INFO - Check completed in 0.00s
2026-03-13 15:54:54,045 - __main__ - INFO - 
Suggested Actions:
2026-03-13 15:54:54,045 - __main__ - INFO -   [CRITICAL] System health is critical
2026-03-13 15:54:54,045 - __main__ - INFO -   -> Recommend restarting learning system and checking configuration
2026-03-13 15:54:54,045 - __main__ - INFO -   -> Run: python self_learning_launcher.py --mode hybrid --daemon
2026-03-13 15:54:54,045 - __main__ - INFO -   [HIGH] System is not running
2026-03-13 15:54:54,045 - __main__ - INFO -   -> Start the continuous learning daemon
2026-03-13 15:54:54,045 - __main__ - INFO -   -> Run: python self_learning_launcher.py --mode hybrid --daemon
2026-03-13 15:54:54,045 - __main__ - INFO -   [MEDIUM] Starter accuracy low (0.0%)
2026-03-13 15:54:54,045 - __main__ - INFO -   -> Run backtest cycle to recalibrate starter prediction model
2026-03-13 15:54:54,045 - __main__ - INFO -   -> Run: python self_learning_launcher.py --backtest
2026-03-13 15:54:54,045 - __main__ - INFO -   [MEDIUM] Starter prediction accuracy: 0.00%
2026-03-13 15:54:54,045 - __main__ - INFO -   -> Add more features related to depth chart and player status
2026-03-13 15:54:54,046 - __main__ - INFO - 
Accuracy Trend (60min): stable
2026-03-13 15:54:54,046 - __main__ - INFO -   Current: 0.00%
2026-03-13 15:54:54,046 - __main__ - INFO - Next check in 30 seconds...
2026-03-13 15:55:24,050 - __main__ - INFO - 
--- Monitor Iteration 18 ---
2026-03-13 15:55:24,051 - __main__ - INFO - ============================================================
2026-03-13 15:55:24,051 - __main__ - INFO - SYSTEM HEALTH CHECK
2026-03-13 15:55:24,051 - __main__ - INFO - ============================================================
2026-03-13 15:55:24,052 - __main__ - INFO - Status: CRITICAL
2026-03-13 15:55:24,052 - __main__ - INFO -   system_running: warning
2026-03-13 15:55:24,052 - __main__ - INFO -     -> False
2026-03-13 15:55:24,052 - __main__ - INFO -     -> System is not currently running
2026-03-13 15:55:24,052 - __main__ - INFO -   predictions: warning
2026-03-13 15:55:24,052 - __main__ - INFO -   accuracy: warning
2026-03-13 15:55:24,052 - __main__ - INFO -   errors: ok
2026-03-13 15:55:24,052 - __main__ - INFO -     -> Error rates within acceptable ranges
2026-03-13 15:55:24,052 - __main__ - INFO -   recommendations: unknown
2026-03-13 15:55:24,052 - __main__ - INFO -   learning_phase: unknown
2026-03-13 15:55:24,052 - __main__ - INFO -     -> Currently in historical_learning phase
2026-03-13 15:55:24,052 - __main__ - WARNING -   ⚠️  System is not running - learning is paused
2026-03-13 15:55:24,052 - __main__ - WARNING -   ⚠️  Starter accuracy (0.0%) below target (55.0%)
2026-03-13 15:55:24,052 - __main__ - INFO -   💡 Add more features related to depth chart and player status
2026-03-13 15:55:24,052 - __main__ - INFO - Check completed in 0.00s
2026-03-13 15:55:24,053 - __main__ - INFO - 
Suggested Actions:
2026-03-13 15:55:24,053 - __main__ - INFO -   [CRITICAL] System health is critical
2026-03-13 15:55:24,053 - __main__ - INFO -   -> Recommend restarting learning system and checking configuration
2026-03-13 15:55:24,053 - __main__ - INFO -   -> Run: python self_learning_launcher.py --mode hybrid --daemon
2026-03-13 15:55:24,053 - __main__ - INFO -   [HIGH] System is not running
2026-03-13 15:55:24,053 - __main__ - INFO -   -> Start the continuous learning daemon
2026-03-13 15:55:24,053 - __main__ - INFO -   -> Run: python self_learning_launcher.py --mode hybrid --daemon
2026-03-13 15:55:24,053 - __main__ - INFO -   [MEDIUM] Starter accuracy low (0.0%)
2026-03-13 15:55:24,053 - __main__ - INFO -   -> Run backtest cycle to recalibrate starter prediction model
2026-03-13 15:55:24,053 - __main__ - INFO -   -> Run: python self_learning_launcher.py --backtest
2026-03-13 15:55:24,053 - __main__ - INFO -   [MEDIUM] Starter prediction accuracy: 0.00%
2026-03-13 15:55:24,053 - __main__ - INFO -   -> Add more features related to depth chart and player status
2026-03-13 15:55:24,054 - __main__ - INFO - 
Accuracy Trend (60min): stable
2026-03-13 15:55:24,054 - __main__ - INFO -   Current: 0.00%
2026-03-13 15:55:24,054 - __main__ - INFO - Next check in 30 seconds...
2026-03-13 15:55:52,789 - __main__ - INFO - 
--- Monitor Iteration 4 ---
2026-03-13 15:55:52,790 - __main__ - INFO - ============================================================
2026-03-13 15:55:52,790 - __main__ - INFO - SYSTEM HEALTH CHECK
2026-03-13 15:55:52,790 - __main__ - INFO - ============================================================
2026-03-13 15:55:52,792 - __main__ - INFO - Status: CRITICAL
2026-03-13 15:55:52,792 - __main__ - INFO -   system_running: warning
2026-03-13 15:55:52,793 - __main__ - INFO -     -> False
2026-03-13 15:55:52,793 - __main__ - INFO -     -> System is not currently running
2026-03-13 15:55:52,793 - __main__ - INFO -   predictions: warning
2026-03-13 15:55:52,793 - __main__ - INFO -   accuracy: warning
2026-03-13 15:55:52,793 - __main__ - INFO -   errors: ok
2026-03-13 15:55:52,793 - __main__ - INFO -     -> Error rates within acceptable ranges
2026-03-13 15:55:52,793 - __main__ - INFO -   recommendations: unknown
2026-03-13 15:55:52,793 - __main__ - INFO -   learning_phase: unknown
2026-03-13 15:55:52,793 - __main__ - INFO -     -> Currently in historical_learning phase
2026-03-13 15:55:52,793 - __main__ - WARNING -   ⚠️  System is not running - learning is paused
2026-03-13 15:55:52,793 - __main__ - WARNING -   ⚠️  Starter accuracy (0.0%) below target (55.0%)
2026-03-13 15:55:52,793 - __main__ - INFO -   💡 Add more features related to depth chart and player status
2026-03-13 15:55:52,793 - __main__ - INFO - Check completed in 0.00s
2026-03-13 15:55:52,794 - __main__ - INFO - 
Suggested Actions:
2026-03-13 15:55:52,794 - __main__ - INFO -   [CRITICAL] System health is critical
2026-03-13 15:55:52,794 - __main__ - INFO -   -> Recommend restarting learning system and checking configuration
2026-03-13 15:55:52,795 - __main__ - INFO -   -> Run: python self_learning_launcher.py --mode hybrid --daemon
2026-03-13 15:55:52,795 - __main__ - INFO -   [HIGH] System is not running
2026-03-13 15:55:52,795 - __main__ - INFO -   -> Start the continuous learning daemon
2026-03-13 15:55:52,795 - __main__ - INFO -   -> Run: python self_learning_launcher.py --mode hybrid --daemon
2026-03-13 15:55:52,795 - __main__ - INFO -   [MEDIUM] Starter accuracy low (0.0%)
2026-03-13 15:55:52,795 - __main__ - INFO -   -> Run backtest cycle to recalibrate starter prediction model
2026-03-13 15:55:52,795 - __main__ - INFO -   -> Run: python self_learning_launcher.py --backtest
2026-03-13 15:55:52,795 - __main__ - INFO -   [MEDIUM] Starter prediction accuracy: 0.00%
2026-03-13 15:55:52,795 - __main__ - INFO -   -> Add more features related to depth chart and player status
2026-03-13 15:55:52,795 - __main__ - INFO - 
Accuracy Trend (60min): stable
2026-03-13 15:55:52,795 - __main__ - INFO -   Current: 0.00%
2026-03-13 15:55:52,795 - __main__ - INFO - Next check in 60 seconds...
2026-03-13 15:55:54,055 - __main__ - INFO - 
--- Monitor Iteration 19 ---
2026-03-13 15:55:54,056 - __main__ - INFO - ============================================================
2026-03-13 15:55:54,056 - __main__ - INFO - SYSTEM HEALTH CHECK
2026-03-13 15:55:54,056 - __main__ - INFO - ============================================================
2026-03-13 15:55:54,057 - __main__ - INFO - Status: CRITICAL
2026-03-13 15:55:54,057 - __main__ - INFO -   system_running: warning
2026-03-13 15:55:54,057 - __main__ - INFO -     -> False
2026-03-13 15:55:54,057 - __main__ - INFO -     -> System is not currently running
2026-03-13 15:55:54,057 - __main__ - INFO -   predictions: warning
2026-03-13 15:55:54,057 - __main__ - INFO -   accuracy: warning
2026-03-13 15:55:54,057 - __main__ - INFO -   errors: ok
2026-03-13 15:55:54,057 - __main__ - INFO -     -> Error rates within acceptable ranges
2026-03-13 15:55:54,057 - __main__ - INFO -   recommendations: unknown
2026-03-13 15:55:54,057 - __main__ - INFO -   learning_phase: unknown
2026-03-13 15:55:54,057 - __main__ - INFO -     -> Currently in historical_learning phase
2026-03-13 15:55:54,057 - __main__ - WARNING -   ⚠️  System is not running - learning is paused
2026-03-13 15:55:54,057 - __main__ - WARNING -   ⚠️  Starter accuracy (0.0%) below target (55.0%)
2026-03-13 15:55:54,057 - __main__ - INFO -   💡 Add more features related to depth chart and player status
2026-03-13 15:55:54,057 - __main__ - INFO - Check completed in 0.00s
2026-03-13 15:55:54,058 - __main__ - INFO - 
Suggested Actions:
2026-03-13 15:55:54,058 - __main__ - INFO -   [CRITICAL] System health is critical
2026-03-13 15:55:54,058 - __main__ - INFO -   -> Recommend restarting learning system and checking configuration
2026-03-13 15:55:54,058 - __main__ - INFO -   -> Run: python self_learning_launcher.py --mode hybrid --daemon
2026-03-13 15:55:54,058 - __main__ - INFO -   [HIGH] System is not running
2026-03-13 15:55:54,058 - __main__ - INFO -   -> Start the continuous learning daemon
2026-03-13 15:55:54,058 - __main__ - INFO -   -> Run: python self_learning_launcher.py --mode hybrid --daemon
2026-03-13 15:55:54,058 - __main__ - INFO -   [MEDIUM] Starter accuracy low (0.0%)
2026-03-13 15:55:54,058 - __main__ - INFO -   -> Run backtest cycle to recalibrate starter prediction model
2026-03-13 15:55:54,058 - __main__ - INFO -   -> Run: python self_learning_launcher.py --backtest
2026-03-13 15:55:54,058 - __main__ - INFO -   [MEDIUM] Starter prediction accuracy: 0.00%
2026-03-13 15:55:54,058 - __main__ - INFO -   -> Add more features related to depth chart and player status
2026-03-13 15:55:54,059 - __main__ - INFO - 
Accuracy Trend (60min): stable
2026-03-13 15:55:54,059 - __main__ - INFO -   Current: 0.00%
2026-03-13 15:55:54,059 - __main__ - INFO - Next check in 30 seconds...
2026-03-13 15:56:24,065 - __main__ - INFO - 
--- Monitor Iteration 20 ---
2026-03-13 15:56:24,066 - __main__ - INFO - ============================================================
2026-03-13 15:56:24,066 - __main__ - INFO - SYSTEM HEALTH CHECK
2026-03-13 15:56:24,066 - __main__ - INFO - ============================================================
2026-03-13 15:56:24,068 - __main__ - INFO - Status: CRITICAL
2026-03-13 15:56:24,068 - __main__ - INFO -   system_running: warning
2026-03-13 15:56:24,068 - __main__ - INFO -     -> False
2026-03-13 15:56:24,068 - __main__ - INFO -     -> System is not currently running
2026-03-13 15:56:24,068 - __main__ - INFO -   predictions: warning
2026-03-13 15:56:24,068 - __main__ - INFO -   accuracy: warning
2026-03-13 15:56:24,068 - __main__ - INFO -   errors: ok
2026-03-13 15:56:24,068 - __main__ - INFO -     -> Error rates within acceptable ranges
2026-03-13 15:56:24,068 - __main__ - INFO -   recommendations: unknown
2026-03-13 15:56:24,068 - __main__ - INFO -   learning_phase: unknown
2026-03-13 15:56:24,068 - __main__ - INFO -     -> Currently in historical_learning phase
2026-03-13 15:56:24,068 - __main__ - WARNING -   ⚠️  System is not running - learning is paused
2026-03-13 15:56:24,068 - __main__ - WARNING -   ⚠️  Starter accuracy (0.0%) below target (55.0%)
2026-03-13 15:56:24,069 - __main__ - INFO -   💡 Add more features related to depth chart and player status
2026-03-13 15:56:24,069 - __main__ - INFO - Check completed in 0.00s
2026-03-13 15:56:24,069 - __main__ - INFO - 
Suggested Actions:
2026-03-13 15:56:24,069 - __main__ - INFO -   [CRITICAL] System health is critical
2026-03-13 15:56:24,070 - __main__ - INFO -   -> Recommend restarting learning system and checking configuration
2026-03-13 15:56:24,070 - __main__ - INFO -   -> Run: python self_learning_launcher.py --mode hybrid --daemon
2026-03-13 15:56:24,070 - __main__ - INFO -   [HIGH] System is not running
2026-03-13 15:56:24,070 - __main__ - INFO -   -> Start the continuous learning daemon
2026-03-13 15:56:24,070 - __main__ - INFO -   -> Run: python self_learning_launcher.py --mode hybrid --daemon
2026-03-13 15:56:24,070 - __main__ - INFO -   [MEDIUM] Starter accuracy low (0.0%)
2026-03-13 15:56:24,070 - __main__ - INFO -   -> Run backtest cycle to recalibrate starter prediction model
2026-03-13 15:56:24,070 - __main__ - INFO -   -> Run: python self_learning_launcher.py --backtest
2026-03-13 15:56:24,070 - __main__ - INFO -   [MEDIUM] Starter prediction accuracy: 0.00%
2026-03-13 15:56:24,070 - __main__ - INFO -   -> Add more features related to depth chart and player status
2026-03-13 15:56:24,072 - __main__ - INFO - 
Accuracy Trend (60min): stable
2026-03-13 15:56:24,072 - __main__ - INFO -   Current: 0.00%
2026-03-13 15:56:24,072 - __main__ - INFO - Next check in 30 seconds...
2026-03-13 15:56:52,801 - __main__ - INFO - 
--- Monitor Iteration 5 ---
2026-03-13 15:56:52,803 - __main__ - INFO - ============================================================
2026-03-13 15:56:52,804 - __main__ - INFO - SYSTEM HEALTH CHECK
2026-03-13 15:56:52,804 - __main__ - INFO - ============================================================
2026-03-13 15:56:52,805 - __main__ - INFO - Status: CRITICAL
2026-03-13 15:56:52,805 - __main__ - INFO -   system_running: warning
2026-03-13 15:56:52,805 - __main__ - INFO -     -> False
2026-03-13 15:56:52,805 - __main__ - INFO -     -> System is not currently running
2026-03-13 15:56:52,805 - __main__ - INFO -   predictions: warning
2026-03-13 15:56:52,805 - __main__ - INFO -   accuracy: warning
2026-03-13 15:56:52,806 - __main__ - INFO -   errors: ok
2026-03-13 15:56:52,806 - __main__ - INFO -     -> Error rates within acceptable ranges
2026-03-13 15:56:52,806 - __main__ - INFO -   recommendations: unknown
2026-03-13 15:56:52,806 - __main__ - INFO -   learning_phase: unknown
2026-03-13 15:56:52,806 - __main__ - INFO -     -> Currently in historical_learning phase
2026-03-13 15:56:52,806 - __main__ - WARNING -   ⚠️  System is not running - learning is paused
2026-03-13 15:56:52,806 - __main__ - WARNING -   ⚠️  Starter accuracy (0.0%) below target (55.0%)
2026-03-13 15:56:52,806 - __main__ - INFO -   💡 Add more features related to depth chart and player status
2026-03-13 15:56:52,806 - __main__ - INFO - Check completed in 0.00s
2026-03-13 15:56:52,807 - __main__ - INFO - 
Suggested Actions:
2026-03-13 15:56:52,807 - __main__ - INFO -   [CRITICAL] System health is critical
2026-03-13 15:56:52,807 - __main__ - INFO -   -> Recommend restarting learning system and checking configuration
2026-03-13 15:56:52,807 - __main__ - INFO -   -> Run: python self_learning_launcher.py --mode hybrid --daemon
2026-03-13 15:56:52,807 - __main__ - INFO -   [HIGH] System is not running
2026-03-13 15:56:52,807 - __main__ - INFO -   -> Start the continuous learning daemon
2026-03-13 15:56:52,807 - __main__ - INFO -   -> Run: python self_learning_launcher.py --mode hybrid --daemon
2026-03-13 15:56:52,807 - __main__ - INFO -   [MEDIUM] Starter accuracy low (0.0%)
2026-03-13 15:56:52,807 - __main__ - INFO -   -> Run backtest cycle to recalibrate starter prediction model
2026-03-13 15:56:52,807 - __main__ - INFO -   -> Run: python self_learning_launcher.py --backtest
2026-03-13 15:56:52,807 - __main__ - INFO -   [MEDIUM] Starter prediction accuracy: 0.00%
2026-03-13 15:56:52,807 - __main__ - INFO -   -> Add more features related to depth chart and player status
2026-03-13 15:56:52,808 - __main__ - INFO - 
Accuracy Trend (60min): stable
2026-03-13 15:56:52,808 - __main__ - INFO -   Current: 0.00%
2026-03-13 15:56:52,808 - __main__ - INFO - Next check in 60 seconds...
2026-03-13 15:56:54,074 - __main__ - INFO - 
--- Monitor Iteration 21 ---
2026-03-13 15:56:54,075 - __main__ - INFO - ============================================================
2026-03-13 15:56:54,075 - __main__ - INFO - SYSTEM HEALTH CHECK
2026-03-13 15:56:54,075 - __main__ - INFO - ============================================================
2026-03-13 15:56:54,076 - __main__ - INFO - Status: CRITICAL
2026-03-13 15:56:54,076 - __main__ - INFO -   system_running: warning
2026-03-13 15:56:54,076 - __main__ - INFO -     -> False
2026-03-13 15:56:54,076 - __main__ - INFO -     -> System is not currently running
2026-03-13 15:56:54,076 - __main__ - INFO -   predictions: warning
2026-03-13 15:56:54,076 - __main__ - INFO -   accuracy: warning
2026-03-13 15:56:54,076 - __main__ - INFO -   errors: ok
2026-03-13 15:56:54,076 - __main__ - INFO -     -> Error rates within acceptable ranges
2026-03-13 15:56:54,076 - __main__ - INFO -   recommendations: unknown
2026-03-13 15:56:54,076 - __main__ - INFO -   learning_phase: unknown
2026-03-13 15:56:54,076 - __main__ - INFO -     -> Currently in historical_learning phase
2026-03-13 15:56:54,076 - __main__ - WARNING -   ⚠️  System is not running - learning is paused
2026-03-13 15:56:54,076 - __main__ - WARNING -   ⚠️  Starter accuracy (0.0%) below target (55.0%)
2026-03-13 15:56:54,076 - __main__ - INFO -   💡 Add more features related to depth chart and player status
2026-03-13 15:56:54,076 - __main__ - INFO - Check completed in 0.00s
2026-03-13 15:56:54,076 - __main__ - INFO - 
Suggested Actions:
2026-03-13 15:56:54,076 - __main__ - INFO -   [CRITICAL] System health is critical
2026-03-13 15:56:54,076 - __main__ - INFO -   -> Recommend restarting learning system and checking configuration
2026-03-13 15:56:54,076 - __main__ - INFO -   -> Run: python self_learning_launcher.py --mode hybrid --daemon
2026-03-13 15:56:54,076 - __main__ - INFO -   [HIGH] System is not running
2026-03-13 15:56:54,076 - __main__ - INFO -   -> Start the continuous learning daemon
2026-03-13 15:56:54,076 - __main__ - INFO -   -> Run: python self_learning_launcher.py --mode hybrid --daemon
2026-03-13 15:56:54,076 - __main__ - INFO -   [MEDIUM] Starter accuracy low (0.0%)
2026-03-13 15:56:54,076 - __main__ - INFO -   -> Run backtest cycle to recalibrate starter prediction model
2026-03-13 15:56:54,076 - __main__ - INFO -   -> Run: python self_learning_launcher.py --backtest
2026-03-13 15:56:54,076 - __main__ - INFO -   [MEDIUM] Starter prediction accuracy: 0.00%
2026-03-13 15:56:54,076 - __main__ - INFO -   -> Add more features related to depth chart and player status
2026-03-13 15:56:54,077 - __main__ - INFO - 
Accuracy Trend (60min): stable
2026-03-13 15:56:54,077 - __main__ - INFO -   Current: 0.00%
2026-03-13 15:56:54,077 - __main__ - INFO - Next check in 30 seconds...
