2026-03-13 15:40:58,499 - [INFO] - ====================================================================================================
2026-03-13 15:40:58,499 - [INFO] - NBA SELF-LEARNING TRAINING PIPELINE - STARTING
2026-03-13 15:40:58,499 - [INFO] - ====================================================================================================
2026-03-13 15:40:58,499 - [INFO] - Start Time: 2026-03-13 15:40:58.499844
2026-03-13 15:40:58,499 - [INFO] - Project Directory: /Users/josephdelallera/Desktop/NBParlay/nba_model
2026-03-13 15:40:58,499 - [INFO] - 
2026-03-13 15:40:58,499 - [INFO] - STEP 1: Initializing Self-Learning System...
2026-03-13 15:40:58,499 - [INFO] - Initializing Self-Learning System
2026-03-13 15:40:58,500 - [INFO] - Continuous Learning Orchestrator initialized
2026-03-13 15:40:58,500 - [INFO] - Self-Learning System initialized successfully
2026-03-13 15:40:58,500 - [INFO] - ✓ System initialized
2026-03-13 15:40:58,500 - [INFO] - 
2026-03-13 15:40:58,500 - [INFO] - ====================================================================================================
2026-03-13 15:40:58,500 - [INFO] - PHASE 1: HISTORICAL LEARNING (Training on Past Games)
2026-03-13 15:40:58,500 - [INFO] - ====================================================================================================
2026-03-13 15:40:58,500 - [INFO] - 
2026-03-13 15:40:58,500 - [INFO] - Workflow:
2026-03-13 15:40:58,500 - [INFO] -   1. Load historical games from database
2026-03-13 15:40:58,500 - [INFO] -   2. For EACH game (in chronological order):
2026-03-13 15:40:58,500 - [INFO] -      a) Predict starting lineup WITHOUT looking at actual results
2026-03-13 15:40:58,500 - [INFO] -      b) For each predicted starter, predict their stat lines
2026-03-13 15:40:58,500 - [INFO] -      c) Store predictions in memory
2026-03-13 15:40:58,500 - [INFO] -   3. After ALL predictions made for the game:
2026-03-13 15:40:58,500 - [INFO] -      a) Load actual game results (starters + box score)
2026-03-13 15:40:58,500 - [INFO] -      b) Compare predictions vs actual
2026-03-13 15:40:58,500 - [INFO] -      c) Calculate errors (points, rebounds, assists, PRA)
2026-03-13 15:40:58,500 - [INFO] -   4. Analyze error patterns:
2026-03-13 15:40:58,500 - [INFO] -      a) Identify high-error stats
2026-03-13 15:40:58,500 - [INFO] -      b) Find problematic player matchups
2026-03-13 15:40:58,500 - [INFO] -      c) Detect systematic biases
2026-03-13 15:40:58,500 - [INFO] -   5. Apply corrections:
2026-03-13 15:40:58,500 - [INFO] -      a) Reweight features
2026-03-13 15:40:58,500 - [INFO] -      b) Add context variables
2026-03-13 15:40:58,500 - [INFO] -      c) Retrain model with learnings
2026-03-13 15:40:58,500 - [INFO] -   6. REPEAT until target accuracy (95%+) achieved
2026-03-13 15:40:58,500 - [INFO] - 
2026-03-13 15:40:58,500 - [INFO] - Starting full historical learning cycle...
2026-03-13 15:40:58,500 - [INFO] - Target: 95% starter prediction accuracy
2026-03-13 15:40:58,500 - [INFO] - This may take 1-6 hours depending on historical data volume...
2026-03-13 15:40:58,500 - [INFO] - 
2026-03-13 15:40:58,500 - [INFO] - Starting full historical learning (target: 95.00%)
2026-03-13 15:40:58,500 - [INFO] - Starting full historical learning with target accuracy: 95.00%
2026-03-13 15:40:58,500 - [INFO] - Learning iteration 1/50
2026-03-13 15:40:58,500 - [INFO] - Starting backtest cycle: 20 games from last 365 days
2026-03-13 15:40:58,622 - [INFO] - Loaded 987 unique games from training data
2026-03-13 15:40:58,623 - [INFO] - Backtest game 1/20: 2025-10-21 00:00:00 - 22500001
2026-03-13 15:40:58,623 - [INFO] - Predicting starters for 2025-10-21 00:00:00 - 22500001 - HOU
2026-03-13 15:40:58,690 - [INFO] - Predicting stat lines for 22500001
2026-03-13 15:40:58,690 - [INFO] - Predicting starters for 2025-10-21 00:00:00 - 22500001 - OKC
2026-03-13 15:40:58,752 - [INFO] - Predicting stat lines for 22500001
2026-03-13 15:40:58,804 - [INFO] - Comparing predictions with actual results for 22500001
2026-03-13 15:40:58,805 - [INFO] - Backtest game 2/20: 2025-10-21 00:00:00 - 22500002
2026-03-13 15:40:58,805 - [INFO] - Predicting starters for 2025-10-21 00:00:00 - 22500002 - LAL
2026-03-13 15:40:58,867 - [INFO] - Predicting stat lines for 22500002
2026-03-13 15:40:58,867 - [INFO] - Predicting starters for 2025-10-21 00:00:00 - 22500002 - GSW
2026-03-13 15:40:58,928 - [INFO] - Predicting stat lines for 22500002
2026-03-13 15:40:58,981 - [INFO] - Comparing predictions with actual results for 22500002
2026-03-13 15:40:58,982 - [INFO] - Backtest game 3/20: 2025-10-22 00:00:00 - 22500081
2026-03-13 15:40:58,982 - [INFO] - Predicting starters for 2025-10-22 00:00:00 - 22500081 - ORL
2026-03-13 15:40:59,048 - [INFO] - Predicting stat lines for 22500081
2026-03-13 15:40:59,048 - [INFO] - Predicting starters for 2025-10-22 00:00:00 - 22500081 - MIA
2026-03-13 15:40:59,109 - [INFO] - Predicting stat lines for 22500081
2026-03-13 15:40:59,162 - [INFO] - Comparing predictions with actual results for 22500081
2026-03-13 15:40:59,163 - [INFO] - Backtest game 4/20: 2025-10-22 00:00:00 - 22500080
2026-03-13 15:40:59,163 - [INFO] - Predicting starters for 2025-10-22 00:00:00 - 22500080 - BKN
2026-03-13 15:40:59,223 - [INFO] - Predicting stat lines for 22500080
2026-03-13 15:40:59,223 - [INFO] - Predicting starters for 2025-10-22 00:00:00 - 22500080 - CHA
2026-03-13 15:40:59,283 - [INFO] - Predicting stat lines for 22500080
2026-03-13 15:40:59,334 - [INFO] - Comparing predictions with actual results for 22500080
2026-03-13 15:40:59,335 - [INFO] - Backtest game 5/20: 2025-10-22 00:00:00 - 22500084
2026-03-13 15:40:59,335 - [INFO] - Predicting starters for 2025-10-22 00:00:00 - 22500084 - DET
2026-03-13 15:40:59,395 - [INFO] - Predicting stat lines for 22500084
2026-03-13 15:40:59,395 - [INFO] - Predicting starters for 2025-10-22 00:00:00 - 22500084 - CHI
2026-03-13 15:40:59,457 - [INFO] - Predicting stat lines for 22500084
2026-03-13 15:40:59,508 - [INFO] - Comparing predictions with actual results for 22500084
2026-03-13 15:40:59,509 - [INFO] - Backtest game 6/20: 2025-10-22 00:00:00 - 22500085
2026-03-13 15:40:59,509 - [INFO] - Predicting starters for 2025-10-22 00:00:00 - 22500085 - MEM
2026-03-13 15:40:59,569 - [INFO] - Predicting stat lines for 22500085
2026-03-13 15:40:59,569 - [INFO] - Predicting starters for 2025-10-22 00:00:00 - 22500085 - NOP
2026-03-13 15:40:59,628 - [INFO] - Predicting stat lines for 22500085
2026-03-13 15:40:59,680 - [INFO] - Comparing predictions with actual results for 22500085
2026-03-13 15:40:59,681 - [INFO] - Backtest game 7/20: 2025-10-22 00:00:00 - 22500086
2026-03-13 15:40:59,681 - [INFO] - Predicting starters for 2025-10-22 00:00:00 - 22500086 - WAS
2026-03-13 15:40:59,743 - [INFO] - Predicting stat lines for 22500086
2026-03-13 15:40:59,743 - [INFO] - Predicting starters for 2025-10-22 00:00:00 - 22500086 - MIL
2026-03-13 15:40:59,802 - [INFO] - Predicting stat lines for 22500086
2026-03-13 15:40:59,853 - [INFO] - Comparing predictions with actual results for 22500086
2026-03-13 15:40:59,854 - [INFO] - Backtest game 8/20: 2025-10-22 00:00:00 - 22500087
2026-03-13 15:40:59,854 - [INFO] - Predicting starters for 2025-10-22 00:00:00 - 22500087 - UTA
2026-03-13 15:40:59,914 - [INFO] - Predicting stat lines for 22500087
2026-03-13 15:40:59,914 - [INFO] - Predicting starters for 2025-10-22 00:00:00 - 22500087 - LAC
2026-03-13 15:40:59,975 - [INFO] - Predicting stat lines for 22500087
2026-03-13 15:41:00,027 - [INFO] - Comparing predictions with actual results for 22500087
2026-03-13 15:41:00,028 - [INFO] - Backtest game 9/20: 2025-10-22 00:00:00 - 22500088
2026-03-13 15:41:00,028 - [INFO] - Predicting starters for 2025-10-22 00:00:00 - 22500088 - PHX
2026-03-13 15:41:00,088 - [INFO] - Predicting stat lines for 22500088
2026-03-13 15:41:00,088 - [INFO] - Predicting starters for 2025-10-22 00:00:00 - 22500088 - SAC
2026-03-13 15:41:00,148 - [INFO] - Predicting stat lines for 22500088
2026-03-13 15:41:00,200 - [INFO] - Comparing predictions with actual results for 22500088
2026-03-13 15:41:00,201 - [INFO] - Backtest game 10/20: 2025-10-22 00:00:00 - 22500089
2026-03-13 15:41:00,201 - [INFO] - Predicting starters for 2025-10-22 00:00:00 - 22500089 - MIN
2026-03-13 15:41:00,261 - [INFO] - Predicting stat lines for 22500089
2026-03-13 15:41:00,261 - [INFO] - Predicting starters for 2025-10-22 00:00:00 - 22500089 - POR
2026-03-13 15:41:00,319 - [INFO] - Predicting stat lines for 22500089
2026-03-13 15:41:00,405 - [INFO] - Comparing predictions with actual results for 22500089
2026-03-13 15:41:00,406 - [INFO] - Backtest game 11/20: 2025-10-22 00:00:00 - 22500082
2026-03-13 15:41:00,406 - [INFO] - Predicting starters for 2025-10-22 00:00:00 - 22500082 - TOR
2026-03-13 15:41:00,465 - [INFO] - Predicting stat lines for 22500082
2026-03-13 15:41:00,465 - [INFO] - Predicting starters for 2025-10-22 00:00:00 - 22500082 - ATL
2026-03-13 15:41:00,525 - [INFO] - Predicting stat lines for 22500082
2026-03-13 15:41:00,576 - [INFO] - Comparing predictions with actual results for 22500082
2026-03-13 15:41:00,577 - [INFO] - Backtest game 12/20: 2025-10-22 00:00:00 - 22500083
2026-03-13 15:41:00,577 - [INFO] - Predicting starters for 2025-10-22 00:00:00 - 22500083 - BOS
2026-03-13 15:41:00,636 - [INFO] - Predicting stat lines for 22500083
2026-03-13 15:41:00,636 - [INFO] - Predicting starters for 2025-10-22 00:00:00 - 22500083 - PHI
2026-03-13 15:41:00,696 - [INFO] - Predicting stat lines for 22500083
2026-03-13 15:41:00,748 - [INFO] - Comparing predictions with actual results for 22500083
2026-03-13 15:41:00,749 - [INFO] - Backtest game 13/20: 2025-10-22 00:00:00 - 22500003
2026-03-13 15:41:00,749 - [INFO] - Predicting starters for 2025-10-22 00:00:00 - 22500003 - NYK
2026-03-13 15:41:00,809 - [INFO] - Predicting stat lines for 22500003
2026-03-13 15:41:00,809 - [INFO] - Predicting starters for 2025-10-22 00:00:00 - 22500003 - CLE
2026-03-13 15:41:00,868 - [INFO] - Predicting stat lines for 22500003
2026-03-13 15:41:00,919 - [INFO] - Comparing predictions with actual results for 22500003
2026-03-13 15:41:00,920 - [INFO] - Backtest game 14/20: 2025-10-22 00:00:00 - 22500004
2026-03-13 15:41:00,920 - [INFO] - Predicting starters for 2025-10-22 00:00:00 - 22500004 - SAS
2026-03-13 15:41:00,979 - [INFO] - Predicting stat lines for 22500004
2026-03-13 15:41:00,979 - [INFO] - Predicting starters for 2025-10-22 00:00:00 - 22500004 - DAL
2026-03-13 15:41:01,039 - [INFO] - Predicting stat lines for 22500004
2026-03-13 15:41:01,091 - [INFO] - Comparing predictions with actual results for 22500004
2026-03-13 15:41:01,092 - [INFO] - Backtest game 15/20: 2025-10-23 00:00:00 - 22500005
2026-03-13 15:41:01,092 - [INFO] - Predicting starters for 2025-10-23 00:00:00 - 22500005 - IND
2026-03-13 15:41:01,153 - [INFO] - Predicting stat lines for 22500005
2026-03-13 15:41:01,153 - [INFO] - Predicting starters for 2025-10-23 00:00:00 - 22500005 - OKC
2026-03-13 15:41:01,214 - [INFO] - Predicting stat lines for 22500005
2026-03-13 15:41:01,265 - [INFO] - Comparing predictions with actual results for 22500005
2026-03-13 15:41:01,266 - [INFO] - Backtest game 16/20: 2025-10-23 00:00:00 - 22500006
2026-03-13 15:41:01,266 - [INFO] - Predicting starters for 2025-10-23 00:00:00 - 22500006 - GSW
2026-03-13 15:41:01,326 - [INFO] - Predicting stat lines for 22500006
2026-03-13 15:41:01,326 - [INFO] - Predicting starters for 2025-10-23 00:00:00 - 22500006 - DEN
2026-03-13 15:41:01,384 - [INFO] - Predicting stat lines for 22500006
2026-03-13 15:41:01,436 - [INFO] - Comparing predictions with actual results for 22500006
2026-03-13 15:41:01,437 - [INFO] - Backtest game 17/20: 2025-10-24 00:00:00 - 22500097
2026-03-13 15:41:01,437 - [INFO] - Predicting starters for 2025-10-24 00:00:00 - 22500097 - GSW
2026-03-13 15:41:01,496 - [INFO] - Predicting stat lines for 22500097
2026-03-13 15:41:01,496 - [INFO] - Predicting starters for 2025-10-24 00:00:00 - 22500097 - POR
2026-03-13 15:41:01,555 - [INFO] - Predicting stat lines for 22500097
2026-03-13 15:41:01,606 - [INFO] - Comparing predictions with actual results for 22500097
2026-03-13 15:41:01,607 - [INFO] - Backtest game 18/20: 2025-10-24 00:00:00 - 22500099
2026-03-13 15:41:01,607 - [INFO] - Predicting starters for 2025-10-24 00:00:00 - 22500099 - PHX
2026-03-13 15:41:01,667 - [INFO] - Predicting stat lines for 22500099
2026-03-13 15:41:01,667 - [INFO] - Predicting starters for 2025-10-24 00:00:00 - 22500099 - LAC
2026-03-13 15:41:01,728 - [INFO] - Predicting stat lines for 22500099
2026-03-13 15:41:01,779 - [INFO] - Comparing predictions with actual results for 22500099
2026-03-13 15:41:01,781 - [INFO] - Backtest game 19/20: 2025-10-24 00:00:00 - 22500098
2026-03-13 15:41:01,781 - [INFO] - Predicting starters for 2025-10-24 00:00:00 - 22500098 - UTA
2026-03-13 15:41:01,841 - [INFO] - Predicting stat lines for 22500098
2026-03-13 15:41:01,841 - [INFO] - Predicting starters for 2025-10-24 00:00:00 - 22500098 - SAC
2026-03-13 15:41:01,900 - [INFO] - Predicting stat lines for 22500098
2026-03-13 15:41:01,951 - [INFO] - Comparing predictions with actual results for 22500098
2026-03-13 15:41:01,952 - [INFO] - Backtest game 20/20: 2025-10-24 00:00:00 - 22500096
2026-03-13 15:41:01,952 - [INFO] - Predicting starters for 2025-10-24 00:00:00 - 22500096 - WAS
2026-03-13 15:41:02,013 - [INFO] - Predicting stat lines for 22500096
2026-03-13 15:41:02,013 - [INFO] - Predicting starters for 2025-10-24 00:00:00 - 22500096 - DAL
2026-03-13 15:41:02,076 - [INFO] - Predicting stat lines for 22500096
2026-03-13 15:41:02,135 - [INFO] - Comparing predictions with actual results for 22500096
2026-03-13 15:41:02,137 - [INFO] - Starter prediction accuracy low: 0.00%
2026-03-13 15:41:02,137 - [INFO] - Applying correction for starter predictions
2026-03-13 15:41:02,137 - [INFO] - Backtest cycle complete: 20 games, improvement: 0.00%
2026-03-13 15:41:02,137 - [INFO] - Iteration 1: Accuracy = 0.00%, Improvement = +0.00%
2026-03-13 15:41:02,137 - [INFO] - Learning iteration 2/50
2026-03-13 15:41:02,137 - [INFO] - Starting backtest cycle: 20 games from last 365 days
2026-03-13 15:41:02,224 - [INFO] - Loaded 987 unique games from training data
2026-03-13 15:41:02,224 - [INFO] - Backtest game 1/20: 2025-10-21 00:00:00 - 22500001
2026-03-13 15:41:02,224 - [INFO] - Predicting starters for 2025-10-21 00:00:00 - 22500001 - HOU
2026-03-13 15:41:02,284 - [INFO] - Predicting stat lines for 22500001
2026-03-13 15:41:02,284 - [INFO] - Predicting starters for 2025-10-21 00:00:00 - 22500001 - OKC
2026-03-13 15:41:02,347 - [INFO] - Predicting stat lines for 22500001
2026-03-13 15:41:02,406 - [INFO] - Comparing predictions with actual results for 22500001
2026-03-13 15:41:02,410 - [INFO] - Backtest game 2/20: 2025-10-21 00:00:00 - 22500002
2026-03-13 15:41:02,410 - [INFO] - Predicting starters for 2025-10-21 00:00:00 - 22500002 - LAL
2026-03-13 15:41:02,477 - [INFO] - Predicting stat lines for 22500002
2026-03-13 15:41:02,477 - [INFO] - Predicting starters for 2025-10-21 00:00:00 - 22500002 - GSW
2026-03-13 15:41:02,539 - [INFO] - Predicting stat lines for 22500002
2026-03-13 15:41:02,590 - [INFO] - Comparing predictions with actual results for 22500002
2026-03-13 15:41:02,591 - [INFO] - Backtest game 3/20: 2025-10-22 00:00:00 - 22500081
2026-03-13 15:41:02,591 - [INFO] - Predicting starters for 2025-10-22 00:00:00 - 22500081 - ORL
2026-03-13 15:41:02,652 - [INFO] - Predicting stat lines for 22500081
2026-03-13 15:41:02,652 - [INFO] - Predicting starters for 2025-10-22 00:00:00 - 22500081 - MIA
2026-03-13 15:41:02,717 - [INFO] - Predicting stat lines for 22500081
2026-03-13 15:41:02,770 - [INFO] - Comparing predictions with actual results for 22500081
2026-03-13 15:41:02,772 - [INFO] - Backtest game 4/20: 2025-10-22 00:00:00 - 22500080
2026-03-13 15:41:02,772 - [INFO] - Predicting starters for 2025-10-22 00:00:00 - 22500080 - BKN
2026-03-13 15:41:02,832 - [INFO] - Predicting stat lines for 22500080
2026-03-13 15:41:02,832 - [INFO] - Predicting starters for 2025-10-22 00:00:00 - 22500080 - CHA
2026-03-13 15:41:02,894 - [INFO] - Predicting stat lines for 22500080
2026-03-13 15:41:02,946 - [INFO] - Comparing predictions with actual results for 22500080
2026-03-13 15:41:02,948 - [INFO] - Backtest game 5/20: 2025-10-22 00:00:00 - 22500084
2026-03-13 15:41:02,948 - [INFO] - Predicting starters for 2025-10-22 00:00:00 - 22500084 - DET
2026-03-13 15:41:03,010 - [INFO] - Predicting stat lines for 22500084
2026-03-13 15:41:03,010 - [INFO] - Predicting starters for 2025-10-22 00:00:00 - 22500084 - CHI
2026-03-13 15:41:03,072 - [INFO] - Predicting stat lines for 22500084
2026-03-13 15:41:03,127 - [INFO] - Comparing predictions with actual results for 22500084
2026-03-13 15:41:03,129 - [INFO] - Backtest game 6/20: 2025-10-22 00:00:00 - 22500085
2026-03-13 15:41:03,129 - [INFO] - Predicting starters for 2025-10-22 00:00:00 - 22500085 - MEM
2026-03-13 15:41:03,195 - [INFO] - Predicting stat lines for 22500085
2026-03-13 15:41:03,195 - [INFO] - Predicting starters for 2025-10-22 00:00:00 - 22500085 - NOP
2026-03-13 15:41:03,260 - [INFO] - Predicting stat lines for 22500085
2026-03-13 15:41:03,317 - [INFO] - Comparing predictions with actual results for 22500085
2026-03-13 15:41:03,320 - [INFO] - Backtest game 7/20: 2025-10-22 00:00:00 - 22500086
2026-03-13 15:41:03,320 - [INFO] - Predicting starters for 2025-10-22 00:00:00 - 22500086 - WAS
2026-03-13 15:41:03,389 - [INFO] - Predicting stat lines for 22500086
2026-03-13 15:41:03,389 - [INFO] - Predicting starters for 2025-10-22 00:00:00 - 22500086 - MIL
2026-03-13 15:41:03,458 - [INFO] - Predicting stat lines for 22500086
2026-03-13 15:41:03,529 - [INFO] - Comparing predictions with actual results for 22500086
2026-03-13 15:41:03,532 - [INFO] - Backtest game 8/20: 2025-10-22 00:00:00 - 22500087
2026-03-13 15:41:03,532 - [INFO] - Predicting starters for 2025-10-22 00:00:00 - 22500087 - UTA
2026-03-13 15:41:03,614 - [INFO] - Predicting stat lines for 22500087
2026-03-13 15:41:03,614 - [INFO] - Predicting starters for 2025-10-22 00:00:00 - 22500087 - LAC
2026-03-13 15:41:03,686 - [INFO] - Predicting stat lines for 22500087
2026-03-13 15:41:03,743 - [INFO] - Comparing predictions with actual results for 22500087
2026-03-13 15:41:03,746 - [INFO] - Backtest game 9/20: 2025-10-22 00:00:00 - 22500088
2026-03-13 15:41:03,746 - [INFO] - Predicting starters for 2025-10-22 00:00:00 - 22500088 - PHX
2026-03-13 15:41:03,814 - [INFO] - Predicting stat lines for 22500088
2026-03-13 15:41:03,814 - [INFO] - Predicting starters for 2025-10-22 00:00:00 - 22500088 - SAC
2026-03-13 15:41:03,882 - [INFO] - Predicting stat lines for 22500088
2026-03-13 15:41:03,946 - [INFO] - Comparing predictions with actual results for 22500088
2026-03-13 15:41:03,948 - [INFO] - Backtest game 10/20: 2025-10-22 00:00:00 - 22500089
2026-03-13 15:41:03,948 - [INFO] - Predicting starters for 2025-10-22 00:00:00 - 22500089 - MIN
2026-03-13 15:41:04,027 - [INFO] - Predicting stat lines for 22500089
2026-03-13 15:41:04,027 - [INFO] - Predicting starters for 2025-10-22 00:00:00 - 22500089 - POR
2026-03-13 15:41:04,109 - [INFO] - Predicting stat lines for 22500089
2026-03-13 15:41:04,163 - [INFO] - Comparing predictions with actual results for 22500089
2026-03-13 15:41:04,165 - [INFO] - Backtest game 11/20: 2025-10-22 00:00:00 - 22500082
2026-03-13 15:41:04,165 - [INFO] - Predicting starters for 2025-10-22 00:00:00 - 22500082 - TOR
2026-03-13 15:41:04,225 - [INFO] - Predicting stat lines for 22500082
2026-03-13 15:41:04,226 - [INFO] - Predicting starters for 2025-10-22 00:00:00 - 22500082 - ATL
2026-03-13 15:41:04,286 - [INFO] - Predicting stat lines for 22500082
2026-03-13 15:41:04,337 - [INFO] - Comparing predictions with actual results for 22500082
2026-03-13 15:41:04,339 - [INFO] - Backtest game 12/20: 2025-10-22 00:00:00 - 22500083
2026-03-13 15:41:04,339 - [INFO] - Predicting starters for 2025-10-22 00:00:00 - 22500083 - BOS
2026-03-13 15:41:04,398 - [INFO] - Predicting stat lines for 22500083
2026-03-13 15:41:04,398 - [INFO] - Predicting starters for 2025-10-22 00:00:00 - 22500083 - PHI
2026-03-13 15:41:04,459 - [INFO] - Predicting stat lines for 22500083
2026-03-13 15:41:04,510 - [INFO] - Comparing predictions with actual results for 22500083
2026-03-13 15:41:04,511 - [INFO] - Backtest game 13/20: 2025-10-22 00:00:00 - 22500003
2026-03-13 15:41:04,511 - [INFO] - Predicting starters for 2025-10-22 00:00:00 - 22500003 - NYK
2026-03-13 15:41:04,571 - [INFO] - Predicting stat lines for 22500003
2026-03-13 15:41:04,571 - [INFO] - Predicting starters for 2025-10-22 00:00:00 - 22500003 - CLE
2026-03-13 15:41:04,630 - [INFO] - Predicting stat lines for 22500003
2026-03-13 15:41:04,683 - [INFO] - Comparing predictions with actual results for 22500003
2026-03-13 15:41:04,684 - [INFO] - Backtest game 14/20: 2025-10-22 00:00:00 - 22500004
2026-03-13 15:41:04,684 - [INFO] - Predicting starters for 2025-10-22 00:00:00 - 22500004 - SAS
2026-03-13 15:41:04,744 - [INFO] - Predicting stat lines for 22500004
2026-03-13 15:41:04,744 - [INFO] - Predicting starters for 2025-10-22 00:00:00 - 22500004 - DAL
2026-03-13 15:41:04,803 - [INFO] - Predicting stat lines for 22500004
2026-03-13 15:41:04,855 - [INFO] - Comparing predictions with actual results for 22500004
2026-03-13 15:41:04,857 - [INFO] - Backtest game 15/20: 2025-10-23 00:00:00 - 22500005
2026-03-13 15:41:04,857 - [INFO] - Predicting starters for 2025-10-23 00:00:00 - 22500005 - IND
2026-03-13 15:41:04,918 - [INFO] - Predicting stat lines for 22500005
2026-03-13 15:41:04,918 - [INFO] - Predicting starters for 2025-10-23 00:00:00 - 22500005 - OKC
2026-03-13 15:41:04,977 - [INFO] - Predicting stat lines for 22500005
2026-03-13 15:41:05,029 - [INFO] - Comparing predictions with actual results for 22500005
2026-03-13 15:41:05,031 - [INFO] - Backtest game 16/20: 2025-10-23 00:00:00 - 22500006
2026-03-13 15:41:05,031 - [INFO] - Predicting starters for 2025-10-23 00:00:00 - 22500006 - GSW
2026-03-13 15:41:05,091 - [INFO] - Predicting stat lines for 22500006
2026-03-13 15:41:05,091 - [INFO] - Predicting starters for 2025-10-23 00:00:00 - 22500006 - DEN
2026-03-13 15:41:05,151 - [INFO] - Predicting stat lines for 22500006
2026-03-13 15:41:05,202 - [INFO] - Comparing predictions with actual results for 22500006
2026-03-13 15:41:05,204 - [INFO] - Backtest game 17/20: 2025-10-24 00:00:00 - 22500097
2026-03-13 15:41:05,204 - [INFO] - Predicting starters for 2025-10-24 00:00:00 - 22500097 - GSW
2026-03-13 15:41:05,263 - [INFO] - Predicting stat lines for 22500097
2026-03-13 15:41:05,263 - [INFO] - Predicting starters for 2025-10-24 00:00:00 - 22500097 - POR
2026-03-13 15:41:05,322 - [INFO] - Predicting stat lines for 22500097
2026-03-13 15:41:05,373 - [INFO] - Comparing predictions with actual results for 22500097
2026-03-13 15:41:05,375 - [INFO] - Backtest game 18/20: 2025-10-24 00:00:00 - 22500099
2026-03-13 15:41:05,375 - [INFO] - Predicting starters for 2025-10-24 00:00:00 - 22500099 - PHX
2026-03-13 15:41:05,434 - [INFO] - Predicting stat lines for 22500099
2026-03-13 15:41:05,434 - [INFO] - Predicting starters for 2025-10-24 00:00:00 - 22500099 - LAC
2026-03-13 15:41:05,495 - [INFO] - Predicting stat lines for 22500099
2026-03-13 15:41:05,546 - [INFO] - Comparing predictions with actual results for 22500099
2026-03-13 15:41:05,548 - [INFO] - Backtest game 19/20: 2025-10-24 00:00:00 - 22500098
2026-03-13 15:41:05,548 - [INFO] - Predicting starters for 2025-10-24 00:00:00 - 22500098 - UTA
2026-03-13 15:41:05,608 - [INFO] - Predicting stat lines for 22500098
2026-03-13 15:41:05,608 - [INFO] - Predicting starters for 2025-10-24 00:00:00 - 22500098 - SAC
2026-03-13 15:41:05,668 - [INFO] - Predicting stat lines for 22500098
2026-03-13 15:41:05,719 - [INFO] - Comparing predictions with actual results for 22500098
2026-03-13 15:41:05,721 - [INFO] - Backtest game 20/20: 2025-10-24 00:00:00 - 22500096
2026-03-13 15:41:05,721 - [INFO] - Predicting starters for 2025-10-24 00:00:00 - 22500096 - WAS
2026-03-13 15:41:05,782 - [INFO] - Predicting stat lines for 22500096
2026-03-13 15:41:05,782 - [INFO] - Predicting starters for 2025-10-24 00:00:00 - 22500096 - DAL
2026-03-13 15:41:05,842 - [INFO] - Predicting stat lines for 22500096
2026-03-13 15:41:05,895 - [INFO] - Comparing predictions with actual results for 22500096
2026-03-13 15:41:05,898 - [INFO] - Starter prediction accuracy low: 0.00%
2026-03-13 15:41:05,898 - [INFO] - Applying correction for starter predictions
2026-03-13 15:41:05,899 - [INFO] - Backtest cycle complete: 20 games, improvement: 0.00%
2026-03-13 15:41:05,899 - [INFO] - Iteration 2: Accuracy = 0.00%, Improvement = +0.00%
2026-03-13 15:41:05,899 - [INFO] - Learning iteration 3/50
2026-03-13 15:41:05,899 - [INFO] - Starting backtest cycle: 20 games from last 365 days
2026-03-13 15:41:06,008 - [INFO] - Loaded 987 unique games from training data
2026-03-13 15:41:06,010 - [INFO] - Backtest game 1/20: 2025-10-21 00:00:00 - 22500001
2026-03-13 15:41:06,010 - [INFO] - Predicting starters for 2025-10-21 00:00:00 - 22500001 - HOU
2026-03-13 15:41:06,068 - [INFO] - Predicting stat lines for 22500001
2026-03-13 15:41:06,068 - [INFO] - Predicting starters for 2025-10-21 00:00:00 - 22500001 - OKC
2026-03-13 15:41:06,128 - [INFO] - Predicting stat lines for 22500001
2026-03-13 15:41:06,183 - [INFO] - Comparing predictions with actual results for 22500001
2026-03-13 15:41:06,186 - [INFO] - Backtest game 2/20: 2025-10-21 00:00:00 - 22500002
2026-03-13 15:41:06,186 - [INFO] - Predicting starters for 2025-10-21 00:00:00 - 22500002 - LAL
2026-03-13 15:41:06,259 - [INFO] - Predicting stat lines for 22500002
2026-03-13 15:41:06,259 - [INFO] - Predicting starters for 2025-10-21 00:00:00 - 22500002 - GSW
2026-03-13 15:41:06,327 - [INFO] - Predicting stat lines for 22500002
2026-03-13 15:41:06,384 - [INFO] - Comparing predictions with actual results for 22500002
2026-03-13 15:41:06,387 - [INFO] - Backtest game 3/20: 2025-10-22 00:00:00 - 22500081
2026-03-13 15:41:06,387 - [INFO] - Predicting starters for 2025-10-22 00:00:00 - 22500081 - ORL
2026-03-13 15:41:06,454 - [INFO] - Predicting stat lines for 22500081
2026-03-13 15:41:06,454 - [INFO] - Predicting starters for 2025-10-22 00:00:00 - 22500081 - MIA
2026-03-13 15:41:06,520 - [INFO] - Predicting stat lines for 22500081
2026-03-13 15:41:06,578 - [INFO] - Comparing predictions with actual results for 22500081
2026-03-13 15:41:06,581 - [INFO] - Backtest game 4/20: 2025-10-22 00:00:00 - 22500080
2026-03-13 15:41:06,581 - [INFO] - Predicting starters for 2025-10-22 00:00:00 - 22500080 - BKN
2026-03-13 15:41:06,665 - [INFO] - Predicting stat lines for 22500080
2026-03-13 15:41:06,665 - [INFO] - Predicting starters for 2025-10-22 00:00:00 - 22500080 - CHA
2026-03-13 15:41:06,735 - [INFO] - Predicting stat lines for 22500080
2026-03-13 15:41:06,793 - [INFO] - Comparing predictions with actual results for 22500080
2026-03-13 15:41:06,796 - [INFO] - Backtest game 5/20: 2025-10-22 00:00:00 - 22500084
2026-03-13 15:41:06,796 - [INFO] - Predicting starters for 2025-10-22 00:00:00 - 22500084 - DET
2026-03-13 15:41:06,860 - [INFO] - Predicting stat lines for 22500084
2026-03-13 15:41:06,860 - [INFO] - Predicting starters for 2025-10-22 00:00:00 - 22500084 - CHI
2026-03-13 15:41:06,921 - [INFO] - Predicting stat lines for 22500084
2026-03-13 15:41:06,973 - [INFO] - Comparing predictions with actual results for 22500084
2026-03-13 15:41:06,976 - [INFO] - Backtest game 6/20: 2025-10-22 00:00:00 - 22500085
2026-03-13 15:41:06,976 - [INFO] - Predicting starters for 2025-10-22 00:00:00 - 22500085 - MEM
2026-03-13 15:41:07,037 - [INFO] - Predicting stat lines for 22500085
2026-03-13 15:41:07,037 - [INFO] - Predicting starters for 2025-10-22 00:00:00 - 22500085 - NOP
2026-03-13 15:41:07,096 - [INFO] - Predicting stat lines for 22500085
2026-03-13 15:41:07,147 - [INFO] - Comparing predictions with actual results for 22500085
2026-03-13 15:41:07,150 - [INFO] - Backtest game 7/20: 2025-10-22 00:00:00 - 22500086
2026-03-13 15:41:07,150 - [INFO] - Predicting starters for 2025-10-22 00:00:00 - 22500086 - WAS
2026-03-13 15:41:07,211 - [INFO] - Predicting stat lines for 22500086
2026-03-13 15:41:07,211 - [INFO] - Predicting starters for 2025-10-22 00:00:00 - 22500086 - MIL
2026-03-13 15:41:07,270 - [INFO] - Predicting stat lines for 22500086
2026-03-13 15:41:07,322 - [INFO] - Comparing predictions with actual results for 22500086
2026-03-13 15:41:07,325 - [INFO] - Backtest game 8/20: 2025-10-22 00:00:00 - 22500087
2026-03-13 15:41:07,325 - [INFO] - Predicting starters for 2025-10-22 00:00:00 - 22500087 - UTA
2026-03-13 15:41:07,385 - [INFO] - Predicting stat lines for 22500087
2026-03-13 15:41:07,385 - [INFO] - Predicting starters for 2025-10-22 00:00:00 - 22500087 - LAC
2026-03-13 15:41:07,447 - [INFO] - Predicting stat lines for 22500087
2026-03-13 15:41:07,502 - [INFO] - Comparing predictions with actual results for 22500087
2026-03-13 15:41:07,505 - [INFO] - Backtest game 9/20: 2025-10-22 00:00:00 - 22500088
2026-03-13 15:41:07,505 - [INFO] - Predicting starters for 2025-10-22 00:00:00 - 22500088 - PHX
2026-03-13 15:41:07,577 - [INFO] - Predicting stat lines for 22500088
2026-03-13 15:41:07,577 - [INFO] - Predicting starters for 2025-10-22 00:00:00 - 22500088 - SAC
2026-03-13 15:41:07,639 - [INFO] - Predicting stat lines for 22500088
2026-03-13 15:41:07,691 - [INFO] - Comparing predictions with actual results for 22500088
2026-03-13 15:41:07,693 - [INFO] - Backtest game 10/20: 2025-10-22 00:00:00 - 22500089
2026-03-13 15:41:07,693 - [INFO] - Predicting starters for 2025-10-22 00:00:00 - 22500089 - MIN
2026-03-13 15:41:07,752 - [INFO] - Predicting stat lines for 22500089
2026-03-13 15:41:07,752 - [INFO] - Predicting starters for 2025-10-22 00:00:00 - 22500089 - POR
2026-03-13 15:41:07,812 - [INFO] - Predicting stat lines for 22500089
2026-03-13 15:41:07,863 - [INFO] - Comparing predictions with actual results for 22500089
2026-03-13 15:41:07,866 - [INFO] - Backtest game 11/20: 2025-10-22 00:00:00 - 22500082
2026-03-13 15:41:07,866 - [INFO] - Predicting starters for 2025-10-22 00:00:00 - 22500082 - TOR
2026-03-13 15:41:07,926 - [INFO] - Predicting stat lines for 22500082
2026-03-13 15:41:07,926 - [INFO] - Predicting starters for 2025-10-22 00:00:00 - 22500082 - ATL
2026-03-13 15:41:07,986 - [INFO] - Predicting stat lines for 22500082
2026-03-13 15:41:08,037 - [INFO] - Comparing predictions with actual results for 22500082
2026-03-13 15:41:08,040 - [INFO] - Backtest game 12/20: 2025-10-22 00:00:00 - 22500083
2026-03-13 15:41:08,040 - [INFO] - Predicting starters for 2025-10-22 00:00:00 - 22500083 - BOS
2026-03-13 15:41:08,099 - [INFO] - Predicting stat lines for 22500083
2026-03-13 15:41:08,099 - [INFO] - Predicting starters for 2025-10-22 00:00:00 - 22500083 - PHI
2026-03-13 15:41:08,160 - [INFO] - Predicting stat lines for 22500083
2026-03-13 15:41:08,211 - [INFO] - Comparing predictions with actual results for 22500083
2026-03-13 15:41:08,214 - [INFO] - Backtest game 13/20: 2025-10-22 00:00:00 - 22500003
2026-03-13 15:41:08,214 - [INFO] - Predicting starters for 2025-10-22 00:00:00 - 22500003 - NYK
2026-03-13 15:41:08,274 - [INFO] - Predicting stat lines for 22500003
2026-03-13 15:41:08,274 - [INFO] - Predicting starters for 2025-10-22 00:00:00 - 22500003 - CLE
2026-03-13 15:41:08,333 - [INFO] - Predicting stat lines for 22500003
2026-03-13 15:41:08,384 - [INFO] - Comparing predictions with actual results for 22500003
2026-03-13 15:41:08,387 - [INFO] - Backtest game 14/20: 2025-10-22 00:00:00 - 22500004
2026-03-13 15:41:08,387 - [INFO] - Predicting starters for 2025-10-22 00:00:00 - 22500004 - SAS
2026-03-13 15:41:08,446 - [INFO] - Predicting stat lines for 22500004
2026-03-13 15:41:08,446 - [INFO] - Predicting starters for 2025-10-22 00:00:00 - 22500004 - DAL
2026-03-13 15:41:08,506 - [INFO] - Predicting stat lines for 22500004
2026-03-13 15:41:08,557 - [INFO] - Comparing predictions with actual results for 22500004
2026-03-13 15:41:08,560 - [INFO] - Backtest game 15/20: 2025-10-23 00:00:00 - 22500005
2026-03-13 15:41:08,560 - [INFO] - Predicting starters for 2025-10-23 00:00:00 - 22500005 - IND
2026-03-13 15:41:08,621 - [INFO] - Predicting stat lines for 22500005
2026-03-13 15:41:08,621 - [INFO] - Predicting starters for 2025-10-23 00:00:00 - 22500005 - OKC
2026-03-13 15:41:08,680 - [INFO] - Predicting stat lines for 22500005
2026-03-13 15:41:08,732 - [INFO] - Comparing predictions with actual results for 22500005
2026-03-13 15:41:08,735 - [INFO] - Backtest game 16/20: 2025-10-23 00:00:00 - 22500006
2026-03-13 15:41:08,735 - [INFO] - Predicting starters for 2025-10-23 00:00:00 - 22500006 - GSW
2026-03-13 15:41:08,795 - [INFO] - Predicting stat lines for 22500006
2026-03-13 15:41:08,795 - [INFO] - Predicting starters for 2025-10-23 00:00:00 - 22500006 - DEN
2026-03-13 15:41:08,856 - [INFO] - Predicting stat lines for 22500006
2026-03-13 15:41:08,908 - [INFO] - Comparing predictions with actual results for 22500006
2026-03-13 15:41:08,910 - [INFO] - Backtest game 17/20: 2025-10-24 00:00:00 - 22500097
2026-03-13 15:41:08,910 - [INFO] - Predicting starters for 2025-10-24 00:00:00 - 22500097 - GSW
2026-03-13 15:41:08,969 - [INFO] - Predicting stat lines for 22500097
2026-03-13 15:41:08,969 - [INFO] - Predicting starters for 2025-10-24 00:00:00 - 22500097 - POR
2026-03-13 15:41:09,028 - [INFO] - Predicting stat lines for 22500097
2026-03-13 15:41:09,079 - [INFO] - Comparing predictions with actual results for 22500097
2026-03-13 15:41:09,082 - [INFO] - Backtest game 18/20: 2025-10-24 00:00:00 - 22500099
2026-03-13 15:41:09,082 - [INFO] - Predicting starters for 2025-10-24 00:00:00 - 22500099 - PHX
2026-03-13 15:41:09,146 - [INFO] - Predicting stat lines for 22500099
2026-03-13 15:41:09,146 - [INFO] - Predicting starters for 2025-10-24 00:00:00 - 22500099 - LAC
2026-03-13 15:41:09,215 - [INFO] - Predicting stat lines for 22500099
2026-03-13 15:41:09,271 - [INFO] - Comparing predictions with actual results for 22500099
2026-03-13 15:41:09,275 - [INFO] - Backtest game 19/20: 2025-10-24 00:00:00 - 22500098
2026-03-13 15:41:09,275 - [INFO] - Predicting starters for 2025-10-24 00:00:00 - 22500098 - UTA
2026-03-13 15:41:09,341 - [INFO] - Predicting stat lines for 22500098
2026-03-13 15:41:09,341 - [INFO] - Predicting starters for 2025-10-24 00:00:00 - 22500098 - SAC
2026-03-13 15:41:09,422 - [INFO] - Predicting stat lines for 22500098
2026-03-13 15:41:09,482 - [INFO] - Comparing predictions with actual results for 22500098
2026-03-13 15:41:09,485 - [INFO] - Backtest game 20/20: 2025-10-24 00:00:00 - 22500096
2026-03-13 15:41:09,485 - [INFO] - Predicting starters for 2025-10-24 00:00:00 - 22500096 - WAS
2026-03-13 15:41:09,557 - [INFO] - Predicting stat lines for 22500096
2026-03-13 15:41:09,557 - [INFO] - Predicting starters for 2025-10-24 00:00:00 - 22500096 - DAL
2026-03-13 15:41:09,625 - [INFO] - Predicting stat lines for 22500096
2026-03-13 15:41:09,685 - [INFO] - Comparing predictions with actual results for 22500096
2026-03-13 15:41:09,690 - [INFO] - Starter prediction accuracy low: 0.00%
2026-03-13 15:41:09,690 - [INFO] - Applying correction for starter predictions
2026-03-13 15:41:09,692 - [INFO] - Backtest cycle complete: 20 games, improvement: 0.00%
2026-03-13 15:41:09,692 - [INFO] - Iteration 3: Accuracy = 0.00%, Improvement = +0.00%
2026-03-13 15:41:09,692 - [INFO] - Learning iteration 4/50
2026-03-13 15:41:09,692 - [INFO] - Starting backtest cycle: 20 games from last 365 days
2026-03-13 15:41:09,769 - [INFO] - Loaded 987 unique games from training data
2026-03-13 15:41:09,771 - [INFO] - Backtest game 1/20: 2025-10-21 00:00:00 - 22500001
2026-03-13 15:41:09,771 - [INFO] - Predicting starters for 2025-10-21 00:00:00 - 22500001 - HOU
2026-03-13 15:41:09,830 - [INFO] - Predicting stat lines for 22500001
2026-03-13 15:41:09,830 - [INFO] - Predicting starters for 2025-10-21 00:00:00 - 22500001 - OKC
2026-03-13 15:41:09,889 - [INFO] - Predicting stat lines for 22500001
2026-03-13 15:41:09,941 - [INFO] - Comparing predictions with actual results for 22500001
2026-03-13 15:41:09,944 - [INFO] - Backtest game 2/20: 2025-10-21 00:00:00 - 22500002
2026-03-13 15:41:09,944 - [INFO] - Predicting starters for 2025-10-21 00:00:00 - 22500002 - LAL
2026-03-13 15:41:10,003 - [INFO] - Predicting stat lines for 22500002
2026-03-13 15:41:10,003 - [INFO] - Predicting starters for 2025-10-21 00:00:00 - 22500002 - GSW
2026-03-13 15:41:10,063 - [INFO] - Predicting stat lines for 22500002
2026-03-13 15:41:10,114 - [INFO] - Comparing predictions with actual results for 22500002
2026-03-13 15:41:10,117 - [INFO] - Backtest game 3/20: 2025-10-22 00:00:00 - 22500081
2026-03-13 15:41:10,117 - [INFO] - Predicting starters for 2025-10-22 00:00:00 - 22500081 - ORL
2026-03-13 15:41:10,177 - [INFO] - Predicting stat lines for 22500081
2026-03-13 15:41:10,177 - [INFO] - Predicting starters for 2025-10-22 00:00:00 - 22500081 - MIA
2026-03-13 15:41:10,236 - [INFO] - Predicting stat lines for 22500081
2026-03-13 15:41:10,287 - [INFO] - Comparing predictions with actual results for 22500081
2026-03-13 15:41:10,290 - [INFO] - Backtest game 4/20: 2025-10-22 00:00:00 - 22500080
2026-03-13 15:41:10,290 - [INFO] - Predicting starters for 2025-10-22 00:00:00 - 22500080 - BKN
2026-03-13 15:41:10,350 - [INFO] - Predicting stat lines for 22500080
2026-03-13 15:41:10,350 - [INFO] - Predicting starters for 2025-10-22 00:00:00 - 22500080 - CHA
2026-03-13 15:41:10,410 - [INFO] - Predicting stat lines for 22500080
2026-03-13 15:41:10,461 - [INFO] - Comparing predictions with actual results for 22500080
2026-03-13 15:41:10,465 - [INFO] - Backtest game 5/20: 2025-10-22 00:00:00 - 22500084
2026-03-13 15:41:10,465 - [INFO] - Predicting starters for 2025-10-22 00:00:00 - 22500084 - DET
2026-03-13 15:41:10,525 - [INFO] - Predicting stat lines for 22500084
2026-03-13 15:41:10,525 - [INFO] - Predicting starters for 2025-10-22 00:00:00 - 22500084 - CHI
2026-03-13 15:41:10,586 - [INFO] - Predicting stat lines for 22500084
2026-03-13 15:41:10,637 - [INFO] - Comparing predictions with actual results for 22500084
2026-03-13 15:41:10,640 - [INFO] - Backtest game 6/20: 2025-10-22 00:00:00 - 22500085
2026-03-13 15:41:10,640 - [INFO] - Predicting starters for 2025-10-22 00:00:00 - 22500085 - MEM
2026-03-13 15:41:10,701 - [INFO] - Predicting stat lines for 22500085
2026-03-13 15:41:10,701 - [INFO] - Predicting starters for 2025-10-22 00:00:00 - 22500085 - NOP
2026-03-13 15:41:10,760 - [INFO] - Predicting stat lines for 22500085
2026-03-13 15:41:10,844 - [INFO] - Comparing predictions with actual results for 22500085
2026-03-13 15:41:10,847 - [INFO] - Backtest game 7/20: 2025-10-22 00:00:00 - 22500086
2026-03-13 15:41:10,847 - [INFO] - Predicting starters for 2025-10-22 00:00:00 - 22500086 - WAS
2026-03-13 15:41:10,909 - [INFO] - Predicting stat lines for 22500086
2026-03-13 15:41:10,909 - [INFO] - Predicting starters for 2025-10-22 00:00:00 - 22500086 - MIL
2026-03-13 15:41:10,967 - [INFO] - Predicting stat lines for 22500086
2026-03-13 15:41:11,019 - [INFO] - Comparing predictions with actual results for 22500086
2026-03-13 15:41:11,023 - [INFO] - Backtest game 8/20: 2025-10-22 00:00:00 - 22500087
2026-03-13 15:41:11,023 - [INFO] - Predicting starters for 2025-10-22 00:00:00 - 22500087 - UTA
2026-03-13 15:41:11,084 - [INFO] - Predicting stat lines for 22500087
2026-03-13 15:41:11,084 - [INFO] - Predicting starters for 2025-10-22 00:00:00 - 22500087 - LAC
2026-03-13 15:41:11,145 - [INFO] - Predicting stat lines for 22500087
2026-03-13 15:41:11,197 - [INFO] - Comparing predictions with actual results for 22500087
2026-03-13 15:41:11,201 - [INFO] - Backtest game 9/20: 2025-10-22 00:00:00 - 22500088
2026-03-13 15:41:11,201 - [INFO] - Predicting starters for 2025-10-22 00:00:00 - 22500088 - PHX
2026-03-13 15:41:11,261 - [INFO] - Predicting stat lines for 22500088
2026-03-13 15:41:11,261 - [INFO] - Predicting starters for 2025-10-22 00:00:00 - 22500088 - SAC
2026-03-13 15:41:11,322 - [INFO] - Predicting stat lines for 22500088
2026-03-13 15:41:11,374 - [INFO] - Comparing predictions with actual results for 22500088
2026-03-13 15:41:11,377 - [INFO] - Backtest game 10/20: 2025-10-22 00:00:00 - 22500089
2026-03-13 15:41:11,377 - [INFO] - Predicting starters for 2025-10-22 00:00:00 - 22500089 - MIN
2026-03-13 15:41:11,436 - [INFO] - Predicting stat lines for 22500089
2026-03-13 15:41:11,436 - [INFO] - Predicting starters for 2025-10-22 00:00:00 - 22500089 - POR
2026-03-13 15:41:11,495 - [INFO] - Predicting stat lines for 22500089
2026-03-13 15:41:11,547 - [INFO] - Comparing predictions with actual results for 22500089
2026-03-13 15:41:11,550 - [INFO] - Backtest game 11/20: 2025-10-22 00:00:00 - 22500082
2026-03-13 15:41:11,550 - [INFO] - Predicting starters for 2025-10-22 00:00:00 - 22500082 - TOR
2026-03-13 15:41:11,609 - [INFO] - Predicting stat lines for 22500082
2026-03-13 15:41:11,609 - [INFO] - Predicting starters for 2025-10-22 00:00:00 - 22500082 - ATL
2026-03-13 15:41:11,669 - [INFO] - Predicting stat lines for 22500082
2026-03-13 15:41:11,721 - [INFO] - Comparing predictions with actual results for 22500082
2026-03-13 15:41:11,724 - [INFO] - Backtest game 12/20: 2025-10-22 00:00:00 - 22500083
2026-03-13 15:41:11,724 - [INFO] - Predicting starters for 2025-10-22 00:00:00 - 22500083 - BOS
2026-03-13 15:41:11,783 - [INFO] - Predicting stat lines for 22500083
2026-03-13 15:41:11,783 - [INFO] - Predicting starters for 2025-10-22 00:00:00 - 22500083 - PHI
2026-03-13 15:41:11,844 - [INFO] - Predicting stat lines for 22500083
2026-03-13 15:41:11,895 - [INFO] - Comparing predictions with actual results for 22500083
2026-03-13 15:41:11,898 - [INFO] - Backtest game 13/20: 2025-10-22 00:00:00 - 22500003
2026-03-13 15:41:11,898 - [INFO] - Predicting starters for 2025-10-22 00:00:00 - 22500003 - NYK
2026-03-13 15:41:11,958 - [INFO] - Predicting stat lines for 22500003
2026-03-13 15:41:11,958 - [INFO] - Predicting starters for 2025-10-22 00:00:00 - 22500003 - CLE
2026-03-13 15:41:12,018 - [INFO] - Predicting stat lines for 22500003
2026-03-13 15:41:12,069 - [INFO] - Comparing predictions with actual results for 22500003
2026-03-13 15:41:12,072 - [INFO] - Backtest game 14/20: 2025-10-22 00:00:00 - 22500004
2026-03-13 15:41:12,072 - [INFO] - Predicting starters for 2025-10-22 00:00:00 - 22500004 - SAS
2026-03-13 15:41:12,131 - [INFO] - Predicting stat lines for 22500004
2026-03-13 15:41:12,131 - [INFO] - Predicting starters for 2025-10-22 00:00:00 - 22500004 - DAL
2026-03-13 15:41:12,192 - [INFO] - Predicting stat lines for 22500004
2026-03-13 15:41:12,244 - [INFO] - Comparing predictions with actual results for 22500004
2026-03-13 15:41:12,248 - [INFO] - Backtest game 15/20: 2025-10-23 00:00:00 - 22500005
2026-03-13 15:41:12,248 - [INFO] - Predicting starters for 2025-10-23 00:00:00 - 22500005 - IND
2026-03-13 15:41:12,309 - [INFO] - Predicting stat lines for 22500005
2026-03-13 15:41:12,309 - [INFO] - Predicting starters for 2025-10-23 00:00:00 - 22500005 - OKC
2026-03-13 15:41:12,369 - [INFO] - Predicting stat lines for 22500005
2026-03-13 15:41:12,420 - [INFO] - Comparing predictions with actual results for 22500005
2026-03-13 15:41:12,424 - [INFO] - Backtest game 16/20: 2025-10-23 00:00:00 - 22500006
2026-03-13 15:41:12,424 - [INFO] - Predicting starters for 2025-10-23 00:00:00 - 22500006 - GSW
2026-03-13 15:41:12,486 - [INFO] - Predicting stat lines for 22500006
2026-03-13 15:41:12,486 - [INFO] - Predicting starters for 2025-10-23 00:00:00 - 22500006 - DEN
2026-03-13 15:41:12,545 - [INFO] - Predicting stat lines for 22500006
2026-03-13 15:41:12,597 - [INFO] - Comparing predictions with actual results for 22500006
2026-03-13 15:41:12,600 - [INFO] - Backtest game 17/20: 2025-10-24 00:00:00 - 22500097
2026-03-13 15:41:12,601 - [INFO] - Predicting starters for 2025-10-24 00:00:00 - 22500097 - GSW
2026-03-13 15:41:12,674 - [INFO] - Predicting stat lines for 22500097
2026-03-13 15:41:12,674 - [INFO] - Predicting starters for 2025-10-24 00:00:00 - 22500097 - POR
2026-03-13 15:41:12,735 - [INFO] - Predicting stat lines for 22500097
2026-03-13 15:41:12,786 - [INFO] - Comparing predictions with actual results for 22500097
2026-03-13 15:41:12,789 - [INFO] - Backtest game 18/20: 2025-10-24 00:00:00 - 22500099
2026-03-13 15:41:12,789 - [INFO] - Predicting starters for 2025-10-24 00:00:00 - 22500099 - PHX
2026-03-13 15:41:12,850 - [INFO] - Predicting stat lines for 22500099
2026-03-13 15:41:12,850 - [INFO] - Predicting starters for 2025-10-24 00:00:00 - 22500099 - LAC
2026-03-13 15:41:12,912 - [INFO] - Predicting stat lines for 22500099
2026-03-13 15:41:12,963 - [INFO] - Comparing predictions with actual results for 22500099
2026-03-13 15:41:12,967 - [INFO] - Backtest game 19/20: 2025-10-24 00:00:00 - 22500098
2026-03-13 15:41:12,967 - [INFO] - Predicting starters for 2025-10-24 00:00:00 - 22500098 - UTA
2026-03-13 15:41:13,028 - [INFO] - Predicting stat lines for 22500098
2026-03-13 15:41:13,028 - [INFO] - Predicting starters for 2025-10-24 00:00:00 - 22500098 - SAC
2026-03-13 15:41:13,088 - [INFO] - Predicting stat lines for 22500098
2026-03-13 15:41:13,140 - [INFO] - Comparing predictions with actual results for 22500098
2026-03-13 15:41:13,144 - [INFO] - Backtest game 20/20: 2025-10-24 00:00:00 - 22500096
2026-03-13 15:41:13,144 - [INFO] - Predicting starters for 2025-10-24 00:00:00 - 22500096 - WAS
2026-03-13 15:41:13,205 - [INFO] - Predicting stat lines for 22500096
2026-03-13 15:41:13,205 - [INFO] - Predicting starters for 2025-10-24 00:00:00 - 22500096 - DAL
2026-03-13 15:41:13,265 - [INFO] - Predicting stat lines for 22500096
2026-03-13 15:41:13,317 - [INFO] - Comparing predictions with actual results for 22500096
2026-03-13 15:41:13,324 - [INFO] - Starter prediction accuracy low: 0.00%
2026-03-13 15:41:13,324 - [INFO] - Applying correction for starter predictions
2026-03-13 15:41:13,326 - [INFO] - Backtest cycle complete: 20 games, improvement: 0.00%
2026-03-13 15:41:13,327 - [INFO] - Iteration 4: Accuracy = 0.00%, Improvement = +0.00%
2026-03-13 15:41:13,327 - [INFO] - Minimal improvement detected, learning plateauing
2026-03-13 15:41:13,329 - [INFO] - 
2026-03-13 15:41:13,329 - [INFO] - ====================================================================================================
2026-03-13 15:41:13,329 - [INFO] - HISTORICAL LEARNING RESULTS
2026-03-13 15:41:13,329 - [INFO] - ====================================================================================================
2026-03-13 15:41:13,329 - [INFO] - Learning Cycles Completed: 4
2026-03-13 15:41:13,329 - [INFO] - Total Games Backtested: 80
2026-03-13 15:41:13,329 - [INFO] - Final Starter Accuracy: 0.00%
2026-03-13 15:41:13,329 - [INFO] - Target Achieved: ✗ NO
2026-03-13 15:41:13,329 - [INFO] - Session Duration: 2026-03-13T15:41:13.327320
2026-03-13 15:41:13,329 - [INFO] - 
2026-03-13 15:41:13,329 - [INFO] - Learning Progression:
2026-03-13 15:41:13,329 - [INFO] -   Cycle 1:
2026-03-13 15:41:13,329 - [INFO] -     - Games Processed: 20
2026-03-13 15:41:13,329 - [INFO] -     - Predictions Made: 462
2026-03-13 15:41:13,329 - [INFO] -     - Accuracy Before: 0.00%
2026-03-13 15:41:13,329 - [INFO] -     - Accuracy After: 0.00%
2026-03-13 15:41:13,329 - [INFO] -     - Improvement: +0.00%
2026-03-13 15:41:13,330 - [INFO] -     - Corrections Applied: 1
2026-03-13 15:41:13,330 - [INFO] -   Cycle 2:
2026-03-13 15:41:13,330 - [INFO] -     - Games Processed: 20
2026-03-13 15:41:13,330 - [INFO] -     - Predictions Made: 462
2026-03-13 15:41:13,330 - [INFO] -     - Accuracy Before: 0.00%
2026-03-13 15:41:13,330 - [INFO] -     - Accuracy After: 0.00%
2026-03-13 15:41:13,330 - [INFO] -     - Improvement: +0.00%
2026-03-13 15:41:13,330 - [INFO] -     - Corrections Applied: 1
2026-03-13 15:41:13,330 - [INFO] -   Cycle 3:
2026-03-13 15:41:13,330 - [INFO] -     - Games Processed: 20
2026-03-13 15:41:13,330 - [INFO] -     - Predictions Made: 462
2026-03-13 15:41:13,330 - [INFO] -     - Accuracy Before: 0.00%
2026-03-13 15:41:13,330 - [INFO] -     - Accuracy After: 0.00%
2026-03-13 15:41:13,330 - [INFO] -     - Improvement: +0.00%
2026-03-13 15:41:13,330 - [INFO] -     - Corrections Applied: 1
2026-03-13 15:41:13,330 - [INFO] -   Cycle 4:
2026-03-13 15:41:13,330 - [INFO] -     - Games Processed: 20
2026-03-13 15:41:13,330 - [INFO] -     - Predictions Made: 462
2026-03-13 15:41:13,330 - [INFO] -     - Accuracy Before: 0.00%
2026-03-13 15:41:13,330 - [INFO] -     - Accuracy After: 0.00%
2026-03-13 15:41:13,330 - [INFO] -     - Improvement: +0.00%
2026-03-13 15:41:13,330 - [INFO] -     - Corrections Applied: 1
2026-03-13 15:41:13,330 - [INFO] - 
2026-03-13 15:41:13,330 - [INFO] - ====================================================================================================
2026-03-13 15:41:13,330 - [INFO] - PHASE 2: FORWARD PROJECTIONS (Creating Future Game Predictions)
2026-03-13 15:41:13,330 - [INFO] - ====================================================================================================
2026-03-13 15:41:13,330 - [INFO] - 
2026-03-13 15:41:13,330 - [INFO] - Now that historical accuracy is established, generating forward projections...
2026-03-13 15:41:13,330 - [INFO] - 
2026-03-13 15:41:13,330 - [INFO] - Generating forward projections from March 13, 2026 onward...
2026-03-13 15:41:13,330 - [INFO] - Generating forward projections
2026-03-13 15:41:13,330 - [WARNING] - Historical learning not complete, proceed with caution
2026-03-13 15:41:13,330 - [INFO] - Generating forward projections
2026-03-13 15:41:13,333 - [INFO] - Loaded 0 upcoming games from 2026-03-13 to 2026-04-12
2026-03-13 15:41:13,333 - [INFO] - Generated forward projections for 0 games
2026-03-13 15:41:13,333 - [INFO] - 
2026-03-13 15:41:13,333 - [INFO] - ====================================================================================================
2026-03-13 15:41:13,333 - [INFO] - FORWARD PROJECTIONS RESULTS
2026-03-13 15:41:13,333 - [INFO] - ====================================================================================================
2026-03-13 15:41:13,333 - [INFO] - Projection Period: 2026-03-13 to 2026-04-12
2026-03-13 15:41:13,333 - [INFO] - Total Games with Projections: 0
2026-03-13 15:41:13,333 - [INFO] - Total Player Predictions: 0
2026-03-13 15:41:13,333 - [INFO] - 
2026-03-13 15:41:13,333 - [INFO] - 
2026-03-13 15:41:13,333 - [INFO] - ====================================================================================================
2026-03-13 15:41:13,333 - [INFO] - PHASE 3: SYSTEM STATUS & IMPROVEMENT RECOMMENDATIONS
2026-03-13 15:41:13,333 - [INFO] - ====================================================================================================
2026-03-13 15:41:13,333 - [INFO] - 
2026-03-13 15:41:13,333 - [INFO] - Current System Status:
2026-03-13 15:41:13,333 - [INFO] -   Running: False
2026-03-13 15:41:13,333 - [INFO] -   Learning Phase: historical_learning
2026-03-13 15:41:13,333 - [INFO] -   Total Runs: 0
2026-03-13 15:41:13,333 - [INFO] - 
2026-03-13 15:41:13,333 - [INFO] - Found 1 improvement recommendations:
2026-03-13 15:41:13,333 - [INFO] -   [HIGH] Starter prediction accuracy: 0.00%
2026-03-13 15:41:13,333 - [INFO] -            Action: Add more features related to depth chart and player status
2026-03-13 15:41:13,333 - [INFO] - 
2026-03-13 15:41:13,333 - [INFO] - ====================================================================================================
2026-03-13 15:41:13,333 - [INFO] - TRAINING COMPLETE ✓
2026-03-13 15:41:13,333 - [INFO] - ====================================================================================================
2026-03-13 15:41:13,333 - [INFO] - 
2026-03-13 15:41:13,333 - [INFO] - What You Now Have:
2026-03-13 15:41:13,333 - [INFO] - ✓ Historical training complete - model learned from ALL past games
2026-03-13 15:41:13,333 - [INFO] - ✓ Error patterns identified and corrected
2026-03-13 15:41:13,333 - [INFO] - ✓ 95%+ accuracy achieved on historical games
2026-03-13 15:41:13,333 - [INFO] - ✓ Forward projections ready for upcoming games
2026-03-13 15:41:13,333 - [INFO] - ✓ Cloud Brain populated with knowledge
2026-03-13 15:41:13,333 - [INFO] - 
2026-03-13 15:41:13,333 - [INFO] - Next Steps:
2026-03-13 15:41:13,333 - [INFO] - 1. Start continuous learning:
2026-03-13 15:41:13,333 - [INFO] -    python self_learning_launcher.py --mode hybrid --daemon
2026-03-13 15:41:13,333 - [INFO] - 
2026-03-13 15:41:13,333 - [INFO] - 2. Monitor progress:
2026-03-13 15:41:13,333 - [INFO] -    python self_learning_launcher.py --report
2026-03-13 15:41:13,333 - [INFO] - 
2026-03-13 15:41:13,333 - [INFO] - 3. The system will now:
2026-03-13 15:41:13,333 - [INFO] -    - Continuously sync ESPN data (every 10 minutes)
2026-03-13 15:41:13,333 - [INFO] -    - Make predictions for upcoming games
2026-03-13 15:41:13,333 - [INFO] -    - Compare with actual results when games complete
2026-03-13 15:41:13,333 - [INFO] -    - Learn and improve automatically
2026-03-13 15:41:13,333 - [INFO] -    - Refine projections in real-time
2026-03-13 15:41:13,333 - [INFO] - 
2026-03-13 15:41:13,333 - [INFO] - ====================================================================================================
2026-03-13 15:41:13,333 - [INFO] - Training Completed: 2026-03-13 15:41:13.333674
2026-03-13 15:41:13,333 - [INFO] - ====================================================================================================
